{"C:\\Users\\elian\\Desktop\\Bao\\Bao\\TSARALAZA\\apps\\Koze\\Koze\\Lenguapp\\lenguapp\\client\\src\\App.js": {"path":"C:\\Users\\elian\\Desktop\\Bao\\Bao\\TSARALAZA\\apps\\Koze\\Koze\\Lenguapp\\lenguapp\\client\\src\\App.js","statementMap":{"0":{"start":{"line":27,"column":4},"end":{"line":49,"column":6}}},"fnMap":{"0":{"name":"App","decl":{"start":{"line":25,"column":24},"end":{"line":25,"column":27}},"loc":{"start":{"line":25,"column":30},"end":{"line":50,"column":1}},"line":25}},"branchMap":{},"s":{"0":0},"f":{"0":0},"b":{}}
,"C:\\Users\\elian\\Desktop\\Bao\\Bao\\TSARALAZA\\apps\\Koze\\Koze\\Lenguapp\\lenguapp\\client\\src\\index.js": {"path":"C:\\Users\\elian\\Desktop\\Bao\\Bao\\TSARALAZA\\apps\\Koze\\Koze\\Lenguapp\\lenguapp\\client\\src\\index.js","statementMap":{"0":{"start":{"line":7,"column":0},"end":{"line":12,"column":2}},"1":{"start":{"line":17,"column":0},"end":{"line":17,"column":18}}},"fnMap":{},"branchMap":{},"s":{"0":0,"1":0},"f":{},"b":{}}
,"C:\\Users\\elian\\Desktop\\Bao\\Bao\\TSARALAZA\\apps\\Koze\\Koze\\Lenguapp\\lenguapp\\client\\src\\reportWebVitals.js": {"path":"C:\\Users\\elian\\Desktop\\Bao\\Bao\\TSARALAZA\\apps\\Koze\\Koze\\Lenguapp\\lenguapp\\client\\src\\reportWebVitals.js","statementMap":{"0":{"start":{"line":1,"column":24},"end":{"line":11,"column":1}},"1":{"start":{"line":2,"column":2},"end":{"line":10,"column":3}},"2":{"start":{"line":3,"column":4},"end":{"line":9,"column":7}},"3":{"start":{"line":4,"column":6},"end":{"line":4,"column":26}},"4":{"start":{"line":5,"column":6},"end":{"line":5,"column":26}},"5":{"start":{"line":6,"column":6},"end":{"line":6,"column":26}},"6":{"start":{"line":7,"column":6},"end":{"line":7,"column":26}},"7":{"start":{"line":8,"column":6},"end":{"line":8,"column":27}}},"fnMap":{"0":{"name":"(anonymous_0)","decl":{"start":{"line":1,"column":24},"end":{"line":1,"column":25}},"loc":{"start":{"line":1,"column":39},"end":{"line":11,"column":1}},"line":1},"1":{"name":"(anonymous_1)","decl":{"start":{"line":3,"column":30},"end":{"line":3,"column":31}},"loc":{"start":{"line":3,"column":79},"end":{"line":9,"column":5}},"line":3}},"branchMap":{"0":{"loc":{"start":{"line":2,"column":2},"end":{"line":10,"column":3}},"type":"if","locations":[{"start":{"line":2,"column":2},"end":{"line":10,"column":3}},{"start":{},"end":{}}],"line":2},"1":{"loc":{"start":{"line":2,"column":6},"end":{"line":2,"column":52}},"type":"binary-expr","locations":[{"start":{"line":2,"column":6},"end":{"line":2,"column":17}},{"start":{"line":2,"column":21},"end":{"line":2,"column":52}}],"line":2}},"s":{"0":0,"1":0,"2":0,"3":0,"4":0,"5":0,"6":0,"7":0},"f":{"0":0,"1":0},"b":{"0":[0,0],"1":[0,0]}}
,"C:\\Users\\elian\\Desktop\\Bao\\Bao\\TSARALAZA\\apps\\Koze\\Koze\\Lenguapp\\lenguapp\\client\\src\\setupTests.js": {"path":"C:\\Users\\elian\\Desktop\\Bao\\Bao\\TSARALAZA\\apps\\Koze\\Koze\\Lenguapp\\lenguapp\\client\\src\\setupTests.js","statementMap":{},"fnMap":{},"branchMap":{},"s":{},"f":{},"b":{}}
,"C:\\Users\\elian\\Desktop\\Bao\\Bao\\TSARALAZA\\apps\\Koze\\Koze\\Lenguapp\\lenguapp\\client\\src\\Components\\Cloud.js": {"path":"C:\\Users\\elian\\Desktop\\Bao\\Bao\\TSARALAZA\\apps\\Koze\\Koze\\Lenguapp\\lenguapp\\client\\src\\Components\\Cloud.js","statementMap":{"0":{"start":{"line":4,"column":17},"end":{"line":32,"column":1}},"1":{"start":{"line":5,"column":28},"end":{"line":5,"column":38}},"2":{"start":{"line":11,"column":36},"end":{"line":14,"column":6}},"3":{"start":{"line":12,"column":8},"end":{"line":12,"column":32}},"4":{"start":{"line":13,"column":8},"end":{"line":13,"column":24}},"5":{"start":{"line":16,"column":19},"end":{"line":25,"column":7}},"6":{"start":{"line":26,"column":4},"end":{"line":31,"column":6}}},"fnMap":{"0":{"name":"(anonymous_0)","decl":{"start":{"line":4,"column":17},"end":{"line":4,"column":18}},"loc":{"start":{"line":4,"column":29},"end":{"line":32,"column":1}},"line":4},"1":{"name":"(anonymous_1)","decl":{"start":{"line":11,"column":48},"end":{"line":11,"column":49}},"loc":{"start":{"line":11,"column":54},"end":{"line":14,"column":5}},"line":11}},"branchMap":{},"s":{"0":0,"1":0,"2":0,"3":0,"4":0,"5":0,"6":0},"f":{"0":0,"1":0},"b":{}}
,"C:\\Users\\elian\\Desktop\\Bao\\Bao\\TSARALAZA\\apps\\Koze\\Koze\\Lenguapp\\lenguapp\\client\\src\\Components\\Download.js": {"path":"C:\\Users\\elian\\Desktop\\Bao\\Bao\\TSARALAZA\\apps\\Koze\\Koze\\Lenguapp\\lenguapp\\client\\src\\Components\\Download.js","statementMap":{"0":{"start":{"line":4,"column":17},"end":{"line":23,"column":1}},"1":{"start":{"line":5,"column":4},"end":{"line":22,"column":5}}},"fnMap":{"0":{"name":"(anonymous_0)","decl":{"start":{"line":4,"column":17},"end":{"line":4,"column":18}},"loc":{"start":{"line":4,"column":37},"end":{"line":23,"column":1}},"line":4}},"branchMap":{},"s":{"0":0,"1":0},"f":{"0":0},"b":{}}
,"C:\\Users\\elian\\Desktop\\Bao\\Bao\\TSARALAZA\\apps\\Koze\\Koze\\Lenguapp\\lenguapp\\client\\src\\Components\\FlashCard.js": {"path":"C:\\Users\\elian\\Desktop\\Bao\\Bao\\TSARALAZA\\apps\\Koze\\Koze\\Lenguapp\\lenguapp\\client\\src\\Components\\FlashCard.js","statementMap":{"0":{"start":{"line":6,"column":13},"end":{"line":11,"column":1}},"1":{"start":{"line":14,"column":4},"end":{"line":14,"column":31}},"2":{"start":{"line":15,"column":23},"end":{"line":15,"column":53}},"3":{"start":{"line":16,"column":4},"end":{"line":44,"column":5}}},"fnMap":{"0":{"name":"FlashCard","decl":{"start":{"line":13,"column":24},"end":{"line":13,"column":33}},"loc":{"start":{"line":13,"column":42},"end":{"line":45,"column":1}},"line":13}},"branchMap":{},"s":{"0":0,"1":0,"2":0,"3":0},"f":{"0":0},"b":{}}
,"C:\\Users\\elian\\Desktop\\Bao\\Bao\\TSARALAZA\\apps\\Koze\\Koze\\Lenguapp\\lenguapp\\client\\src\\Components\\Footer.js": {"path":"C:\\Users\\elian\\Desktop\\Bao\\Bao\\TSARALAZA\\apps\\Koze\\Koze\\Lenguapp\\lenguapp\\client\\src\\Components\\Footer.js","statementMap":{"0":{"start":{"line":4,"column":15},"end":{"line":32,"column":1}},"1":{"start":{"line":5,"column":4},"end":{"line":31,"column":5}}},"fnMap":{"0":{"name":"(anonymous_0)","decl":{"start":{"line":4,"column":15},"end":{"line":4,"column":16}},"loc":{"start":{"line":4,"column":21},"end":{"line":32,"column":1}},"line":4}},"branchMap":{},"s":{"0":0,"1":0},"f":{"0":0},"b":{}}
,"C:\\Users\\elian\\Desktop\\Bao\\Bao\\TSARALAZA\\apps\\Koze\\Koze\\Lenguapp\\lenguapp\\client\\src\\Components\\Header.js": {"path":"C:\\Users\\elian\\Desktop\\Bao\\Bao\\TSARALAZA\\apps\\Koze\\Koze\\Lenguapp\\lenguapp\\client\\src\\Components\\Header.js","statementMap":{"0":{"start":{"line":10,"column":35},"end":{"line":10,"column":49}},"1":{"start":{"line":11,"column":35},"end":{"line":11,"column":50}},"2":{"start":{"line":12,"column":22},"end":{"line":18,"column":10}},"3":{"start":{"line":20,"column":32},"end":{"line":20,"column":88}},"4":{"start":{"line":21,"column":40},"end":{"line":21,"column":54}},"5":{"start":{"line":22,"column":8},"end":{"line":22,"column":44}},"6":{"start":{"line":23,"column":8},"end":{"line":110,"column":5}},"7":{"start":{"line":72,"column":46},"end":{"line":72,"column":64}},"8":{"start":{"line":76,"column":45},"end":{"line":76,"column":63}}},"fnMap":{"0":{"name":"Header","decl":{"start":{"line":8,"column":10},"end":{"line":8,"column":16}},"loc":{"start":{"line":8,"column":24},"end":{"line":111,"column":1}},"line":8},"1":{"name":"(anonymous_1)","decl":{"start":{"line":72,"column":42},"end":{"line":72,"column":43}},"loc":{"start":{"line":72,"column":46},"end":{"line":72,"column":64}},"line":72},"2":{"name":"(anonymous_2)","decl":{"start":{"line":76,"column":41},"end":{"line":76,"column":42}},"loc":{"start":{"line":76,"column":45},"end":{"line":76,"column":63}},"line":76}},"branchMap":{"0":{"loc":{"start":{"line":41,"column":26},"end":{"line":56,"column":29}},"type":"cond-expr","locations":[{"start":{"line":43,"column":32},"end":{"line":50,"column":35}},{"start":{"line":53,"column":32},"end":{"line":55,"column":37}}],"line":41},"1":{"loc":{"start":{"line":65,"column":42},"end":{"line":65,"column":96}},"type":"cond-expr","locations":[{"start":{"line":65,"column":54},"end":{"line":65,"column":70}},{"start":{"line":65,"column":73},"end":{"line":65,"column":96}}],"line":65},"2":{"loc":{"start":{"line":71,"column":73},"end":{"line":71,"column":96}},"type":"cond-expr","locations":[{"start":{"line":71,"column":82},"end":{"line":71,"column":89}},{"start":{"line":71,"column":90},"end":{"line":71,"column":96}}],"line":71},"3":{"loc":{"start":{"line":71,"column":153},"end":{"line":71,"column":185}},"type":"cond-expr","locations":[{"start":{"line":71,"column":162},"end":{"line":71,"column":174}},{"start":{"line":71,"column":175},"end":{"line":71,"column":185}}],"line":71},"4":{"loc":{"start":{"line":75,"column":49},"end":{"line":75,"column":79}},"type":"cond-expr","locations":[{"start":{"line":75,"column":58},"end":{"line":75,"column":74}},{"start":{"line":75,"column":77},"end":{"line":75,"column":79}}],"line":75},"5":{"loc":{"start":{"line":79,"column":47},"end":{"line":79,"column":72}},"type":"cond-expr","locations":[{"start":{"line":79,"column":56},"end":{"line":79,"column":67}},{"start":{"line":79,"column":70},"end":{"line":79,"column":72}}],"line":79},"6":{"loc":{"start":{"line":79,"column":92},"end":{"line":79,"column":113}},"type":"cond-expr","locations":[{"start":{"line":79,"column":99},"end":{"line":79,"column":106}},{"start":{"line":79,"column":107},"end":{"line":79,"column":113}}],"line":79},"7":{"loc":{"start":{"line":89,"column":30},"end":{"line":104,"column":33}},"type":"cond-expr","locations":[{"start":{"line":91,"column":36},"end":{"line":98,"column":39}},{"start":{"line":101,"column":36},"end":{"line":103,"column":41}}],"line":89}},"s":{"0":0,"1":0,"2":0,"3":0,"4":0,"5":0,"6":0,"7":0,"8":0},"f":{"0":0,"1":0,"2":0},"b":{"0":[0,0],"1":[0,0],"2":[0,0],"3":[0,0],"4":[0,0],"5":[0,0],"6":[0,0],"7":[0,0]}}
,"C:\\Users\\elian\\Desktop\\Bao\\Bao\\TSARALAZA\\apps\\Koze\\Koze\\Lenguapp\\lenguapp\\client\\src\\Components\\HeroStatement.js": {"path":"C:\\Users\\elian\\Desktop\\Bao\\Bao\\TSARALAZA\\apps\\Koze\\Koze\\Lenguapp\\lenguapp\\client\\src\\Components\\HeroStatement.js","statementMap":{"0":{"start":{"line":4,"column":22},"end":{"line":14,"column":1}},"1":{"start":{"line":5,"column":4},"end":{"line":13,"column":5}}},"fnMap":{"0":{"name":"(anonymous_0)","decl":{"start":{"line":4,"column":22},"end":{"line":4,"column":23}},"loc":{"start":{"line":4,"column":65},"end":{"line":14,"column":1}},"line":4}},"branchMap":{"0":{"loc":{"start":{"line":6,"column":94},"end":{"line":6,"column":132}},"type":"cond-expr","locations":[{"start":{"line":6,"column":108},"end":{"line":6,"column":118}},{"start":{"line":6,"column":120},"end":{"line":6,"column":132}}],"line":6}},"s":{"0":0,"1":0},"f":{"0":0},"b":{"0":[0,0]}}
,"C:\\Users\\elian\\Desktop\\Bao\\Bao\\TSARALAZA\\apps\\Koze\\Koze\\Lenguapp\\lenguapp\\client\\src\\Components\\Link.js": {"path":"C:\\Users\\elian\\Desktop\\Bao\\Bao\\TSARALAZA\\apps\\Koze\\Koze\\Lenguapp\\lenguapp\\client\\src\\Components\\Link.js","statementMap":{"0":{"start":{"line":3,"column":15},"end":{"line":6,"column":1}},"1":{"start":{"line":9,"column":30},"end":{"line":9,"column":53}},"2":{"start":{"line":11,"column":23},"end":{"line":13,"column":3}},"3":{"start":{"line":12,"column":4},"end":{"line":12,"column":30}},"4":{"start":{"line":15,"column":23},"end":{"line":17,"column":3}},"5":{"start":{"line":16,"column":4},"end":{"line":16,"column":29}},"6":{"start":{"line":19,"column":2},"end":{"line":28,"column":4}}},"fnMap":{"0":{"name":"Link","decl":{"start":{"line":8,"column":24},"end":{"line":8,"column":28}},"loc":{"start":{"line":8,"column":47},"end":{"line":29,"column":1}},"line":8},"1":{"name":"(anonymous_1)","decl":{"start":{"line":11,"column":23},"end":{"line":11,"column":24}},"loc":{"start":{"line":11,"column":29},"end":{"line":13,"column":3}},"line":11},"2":{"name":"(anonymous_2)","decl":{"start":{"line":15,"column":23},"end":{"line":15,"column":24}},"loc":{"start":{"line":15,"column":29},"end":{"line":17,"column":3}},"line":15}},"branchMap":{"0":{"loc":{"start":{"line":22,"column":12},"end":{"line":22,"column":23}},"type":"binary-expr","locations":[{"start":{"line":22,"column":12},"end":{"line":22,"column":16}},{"start":{"line":22,"column":20},"end":{"line":22,"column":23}}],"line":22}},"s":{"0":0,"1":0,"2":0,"3":0,"4":0,"5":0,"6":0},"f":{"0":0,"1":0,"2":0},"b":{"0":[0,0]}}
,"C:\\Users\\elian\\Desktop\\Bao\\Bao\\TSARALAZA\\apps\\Koze\\Koze\\Lenguapp\\lenguapp\\client\\src\\Components\\MultiCard.js": {"path":"C:\\Users\\elian\\Desktop\\Bao\\Bao\\TSARALAZA\\apps\\Koze\\Koze\\Lenguapp\\lenguapp\\client\\src\\Components\\MultiCard.js","statementMap":{"0":{"start":{"line":3,"column":14},"end":{"line":3,"column":26}},"1":{"start":{"line":4,"column":17},"end":{"line":4,"column":45}},"2":{"start":{"line":6,"column":18},"end":{"line":26,"column":1}},"3":{"start":{"line":7,"column":28},"end":{"line":7,"column":43}},"4":{"start":{"line":8,"column":4},"end":{"line":8,"column":31}},"5":{"start":{"line":9,"column":4},"end":{"line":25,"column":5}},"6":{"start":{"line":15,"column":24},"end":{"line":15,"column":36}},"7":{"start":{"line":21,"column":20},"end":{"line":21,"column":35}}},"fnMap":{"0":{"name":"(anonymous_0)","decl":{"start":{"line":6,"column":18},"end":{"line":6,"column":19}},"loc":{"start":{"line":6,"column":24},"end":{"line":26,"column":1}},"line":6},"1":{"name":"(anonymous_1)","decl":{"start":{"line":14,"column":40},"end":{"line":14,"column":41}},"loc":{"start":{"line":15,"column":24},"end":{"line":15,"column":36}},"line":15},"2":{"name":"(anonymous_2)","decl":{"start":{"line":20,"column":41},"end":{"line":20,"column":42}},"loc":{"start":{"line":20,"column":47},"end":{"line":22,"column":17}},"line":20}},"branchMap":{},"s":{"0":0,"1":0,"2":0,"3":0,"4":0,"5":0,"6":0,"7":0},"f":{"0":0,"1":0,"2":0},"b":{}}
,"C:\\Users\\elian\\Desktop\\Bao\\Bao\\TSARALAZA\\apps\\Koze\\Koze\\Lenguapp\\lenguapp\\client\\src\\Components\\Post.js": {"path":"C:\\Users\\elian\\Desktop\\Bao\\Bao\\TSARALAZA\\apps\\Koze\\Koze\\Lenguapp\\lenguapp\\client\\src\\Components\\Post.js","statementMap":{"0":{"start":{"line":5,"column":12},"end":{"line":10,"column":5}},"1":{"start":{"line":12,"column":8},"end":{"line":36,"column":9}},"2":{"start":{"line":24,"column":28},"end":{"line":24,"column":49}},"3":{"start":{"line":31,"column":32},"end":{"line":31,"column":50}}},"fnMap":{"0":{"name":"(anonymous_0)","decl":{"start":{"line":11,"column":4},"end":{"line":11,"column":5}},"loc":{"start":{"line":11,"column":13},"end":{"line":37,"column":5}},"line":11},"1":{"name":"(anonymous_1)","decl":{"start":{"line":23,"column":52},"end":{"line":23,"column":53}},"loc":{"start":{"line":24,"column":28},"end":{"line":24,"column":49}},"line":24},"2":{"name":"(anonymous_2)","decl":{"start":{"line":30,"column":49},"end":{"line":30,"column":50}},"loc":{"start":{"line":31,"column":32},"end":{"line":31,"column":50}},"line":31}},"branchMap":{},"s":{"0":0,"1":0,"2":0,"3":0},"f":{"0":0,"1":0,"2":0},"b":{}}
,"C:\\Users\\elian\\Desktop\\Bao\\Bao\\TSARALAZA\\apps\\Koze\\Koze\\Lenguapp\\lenguapp\\client\\src\\Components\\ScatterPlot.js": {"path":"C:\\Users\\elian\\Desktop\\Bao\\Bao\\TSARALAZA\\apps\\Koze\\Koze\\Lenguapp\\lenguapp\\client\\src\\Components\\ScatterPlot.js","statementMap":{"0":{"start":{"line":4,"column":8},"end":{"line":8,"column":10}}},"fnMap":{"0":{"name":"ScatterPlot","decl":{"start":{"line":3,"column":24},"end":{"line":3,"column":35}},"loc":{"start":{"line":3,"column":39},"end":{"line":9,"column":1}},"line":3}},"branchMap":{},"s":{"0":0},"f":{"0":0},"b":{}}
,"C:\\Users\\elian\\Desktop\\Bao\\Bao\\TSARALAZA\\apps\\Koze\\Koze\\Lenguapp\\lenguapp\\client\\src\\Components\\SearchBar.js": {"path":"C:\\Users\\elian\\Desktop\\Bao\\Bao\\TSARALAZA\\apps\\Koze\\Koze\\Lenguapp\\lenguapp\\client\\src\\Components\\SearchBar.js","statementMap":{},"fnMap":{},"branchMap":{},"s":{},"f":{},"b":{}}
,"C:\\Users\\elian\\Desktop\\Bao\\Bao\\TSARALAZA\\apps\\Koze\\Koze\\Lenguapp\\lenguapp\\client\\src\\Components\\SearchResult.js": {"path":"C:\\Users\\elian\\Desktop\\Bao\\Bao\\TSARALAZA\\apps\\Koze\\Koze\\Lenguapp\\lenguapp\\client\\src\\Components\\SearchResult.js","statementMap":{"0":{"start":{"line":6,"column":10},"end":{"line":8,"column":3}},"1":{"start":{"line":10,"column":4},"end":{"line":12,"column":7}},"2":{"start":{"line":11,"column":6},"end":{"line":11,"column":46}},"3":{"start":{"line":16,"column":22},"end":{"line":16,"column":32}},"4":{"start":{"line":18,"column":4},"end":{"line":31,"column":6}},"5":{"start":{"line":21,"column":12},"end":{"line":28,"column":17}}},"fnMap":{"0":{"name":"(anonymous_0)","decl":{"start":{"line":9,"column":2},"end":{"line":9,"column":3}},"loc":{"start":{"line":9,"column":22},"end":{"line":13,"column":3}},"line":9},"1":{"name":"(anonymous_1)","decl":{"start":{"line":10,"column":50},"end":{"line":10,"column":51}},"loc":{"start":{"line":10,"column":64},"end":{"line":12,"column":5}},"line":10},"2":{"name":"(anonymous_2)","decl":{"start":{"line":15,"column":2},"end":{"line":15,"column":3}},"loc":{"start":{"line":15,"column":11},"end":{"line":32,"column":3}},"line":15},"3":{"name":"(anonymous_3)","decl":{"start":{"line":20,"column":21},"end":{"line":20,"column":22}},"loc":{"start":{"line":21,"column":12},"end":{"line":28,"column":17}},"line":21}},"branchMap":{},"s":{"0":0,"1":0,"2":0,"3":0,"4":0,"5":0},"f":{"0":0,"1":0,"2":0,"3":0},"b":{}}
,"C:\\Users\\elian\\Desktop\\Bao\\Bao\\TSARALAZA\\apps\\Koze\\Koze\\Lenguapp\\lenguapp\\client\\src\\Components\\Sidebar.js": {"path":"C:\\Users\\elian\\Desktop\\Bao\\Bao\\TSARALAZA\\apps\\Koze\\Koze\\Lenguapp\\lenguapp\\client\\src\\Components\\Sidebar.js","statementMap":{"0":{"start":{"line":4,"column":2},"end":{"line":44,"column":3}},"1":{"start":{"line":8,"column":73},"end":{"line":8,"column":99}},"2":{"start":{"line":17,"column":67},"end":{"line":17,"column":90}},"3":{"start":{"line":26,"column":67},"end":{"line":26,"column":90}},"4":{"start":{"line":34,"column":65},"end":{"line":34,"column":87}}},"fnMap":{"0":{"name":"Sidebar","decl":{"start":{"line":3,"column":9},"end":{"line":3,"column":16}},"loc":{"start":{"line":3,"column":19},"end":{"line":45,"column":1}},"line":3},"1":{"name":"(anonymous_1)","decl":{"start":{"line":8,"column":68},"end":{"line":8,"column":69}},"loc":{"start":{"line":8,"column":73},"end":{"line":8,"column":99}},"line":8},"2":{"name":"(anonymous_2)","decl":{"start":{"line":17,"column":62},"end":{"line":17,"column":63}},"loc":{"start":{"line":17,"column":67},"end":{"line":17,"column":90}},"line":17},"3":{"name":"(anonymous_3)","decl":{"start":{"line":26,"column":62},"end":{"line":26,"column":63}},"loc":{"start":{"line":26,"column":67},"end":{"line":26,"column":90}},"line":26},"4":{"name":"(anonymous_4)","decl":{"start":{"line":34,"column":60},"end":{"line":34,"column":61}},"loc":{"start":{"line":34,"column":65},"end":{"line":34,"column":87}},"line":34}},"branchMap":{},"s":{"0":0,"1":0,"2":0,"3":0,"4":0},"f":{"0":0,"1":0,"2":0,"3":0,"4":0},"b":{}}
,"C:\\Users\\elian\\Desktop\\Bao\\Bao\\TSARALAZA\\apps\\Koze\\Koze\\Lenguapp\\lenguapp\\client\\src\\Components\\Test.js": {"path":"C:\\Users\\elian\\Desktop\\Bao\\Bao\\TSARALAZA\\apps\\Koze\\Koze\\Lenguapp\\lenguapp\\client\\src\\Components\\Test.js","statementMap":{"0":{"start":{"line":4,"column":32},"end":{"line":4,"column":43}},"1":{"start":{"line":6,"column":4},"end":{"line":11,"column":5}},"2":{"start":{"line":9,"column":35},"end":{"line":9,"column":58}}},"fnMap":{"0":{"name":"Test","decl":{"start":{"line":3,"column":24},"end":{"line":3,"column":28}},"loc":{"start":{"line":3,"column":31},"end":{"line":12,"column":1}},"line":3},"1":{"name":"(anonymous_1)","decl":{"start":{"line":9,"column":29},"end":{"line":9,"column":30}},"loc":{"start":{"line":9,"column":35},"end":{"line":9,"column":58}},"line":9}},"branchMap":{},"s":{"0":1,"1":1,"2":0},"f":{"0":1,"1":0},"b":{},"_coverageSchema":"1a1c01bbd47fc00a2c39e90264f33305004495a9","hash":"a2083a21bc71266493e9770a481f871a3cadeea7"}
,"C:\\Users\\elian\\Desktop\\Bao\\Bao\\TSARALAZA\\apps\\Koze\\Koze\\Lenguapp\\lenguapp\\client\\src\\Components\\admin\\ContentCreate.js": {"path":"C:\\Users\\elian\\Desktop\\Bao\\Bao\\TSARALAZA\\apps\\Koze\\Koze\\Lenguapp\\lenguapp\\client\\src\\Components\\admin\\ContentCreate.js","statementMap":{"0":{"start":{"line":6,"column":17},"end":{"line":37,"column":1}},"1":{"start":{"line":39,"column":37},"end":{"line":39,"column":48}},"2":{"start":{"line":40,"column":20},"end":{"line":40,"column":39}},"3":{"start":{"line":41,"column":35},"end":{"line":41,"column":47}},"4":{"start":{"line":42,"column":47},"end":{"line":42,"column":59}},"5":{"start":{"line":43,"column":29},"end":{"line":43,"column":41}},"6":{"start":{"line":44,"column":32},"end":{"line":44,"column":44}},"7":{"start":{"line":45,"column":33},"end":{"line":45,"column":48}},"8":{"start":{"line":46,"column":49},"end":{"line":46,"column":64}},"9":{"start":{"line":47,"column":4},"end":{"line":47,"column":42}},"10":{"start":{"line":48,"column":4},"end":{"line":48,"column":34}},"11":{"start":{"line":49,"column":4},"end":{"line":49,"column":36}},"12":{"start":{"line":50,"column":4},"end":{"line":53,"column":9}},"13":{"start":{"line":52,"column":8},"end":{"line":52,"column":30}},"14":{"start":{"line":57,"column":8},"end":{"line":57,"column":27}},"15":{"start":{"line":58,"column":8},"end":{"line":58,"column":40}},"16":{"start":{"line":59,"column":8},"end":{"line":61,"column":32}},"17":{"start":{"line":60,"column":26},"end":{"line":60,"column":42}},"18":{"start":{"line":66,"column":26},"end":{"line":66,"column":40}},"19":{"start":{"line":68,"column":8},"end":{"line":71,"column":9}},"20":{"start":{"line":68,"column":39},"end":{"line":68,"column":55}},"21":{"start":{"line":69,"column":12},"end":{"line":69,"column":35}},"22":{"start":{"line":70,"column":12},"end":{"line":70,"column":43}},"23":{"start":{"line":76,"column":8},"end":{"line":76,"column":27}},"24":{"start":{"line":77,"column":8},"end":{"line":80,"column":10}},"25":{"start":{"line":81,"column":8},"end":{"line":84,"column":10}},"26":{"start":{"line":85,"column":8},"end":{"line":88,"column":10}},"27":{"start":{"line":91,"column":4},"end":{"line":135,"column":5}},"28":{"start":{"line":95,"column":91},"end":{"line":95,"column":116}},"29":{"start":{"line":101,"column":20},"end":{"line":113,"column":26}},"30":{"start":{"line":108,"column":32},"end":{"line":108,"column":71}},"31":{"start":{"line":111,"column":72},"end":{"line":111,"column":93}},"32":{"start":{"line":111,"column":93},"end":{"line":111,"column":108}},"33":{"start":{"line":112,"column":68},"end":{"line":112,"column":81}},"34":{"start":{"line":119,"column":37},"end":{"line":119,"column":54}},"35":{"start":{"line":123,"column":24},"end":{"line":126,"column":30}},"36":{"start":{"line":129,"column":37},"end":{"line":129,"column":61}},"37":{"start":{"line":132,"column":59},"end":{"line":132,"column":94}}},"fnMap":{"0":{"name":"ContentCreate","decl":{"start":{"line":38,"column":9},"end":{"line":38,"column":22}},"loc":{"start":{"line":38,"column":24},"end":{"line":136,"column":1}},"line":38},"1":{"name":"(anonymous_1)","decl":{"start":{"line":50,"column":14},"end":{"line":50,"column":15}},"loc":{"start":{"line":50,"column":18},"end":{"line":53,"column":5}},"line":50},"2":{"name":"searchWords","decl":{"start":{"line":56,"column":13},"end":{"line":56,"column":24}},"loc":{"start":{"line":56,"column":27},"end":{"line":62,"column":5}},"line":56},"3":{"name":"(anonymous_3)","decl":{"start":{"line":60,"column":19},"end":{"line":60,"column":20}},"loc":{"start":{"line":60,"column":26},"end":{"line":60,"column":42}},"line":60},"4":{"name":"addWord","decl":{"start":{"line":64,"column":13},"end":{"line":64,"column":20}},"loc":{"start":{"line":64,"column":26},"end":{"line":72,"column":5}},"line":64},"5":{"name":"(anonymous_5)","decl":{"start":{"line":68,"column":33},"end":{"line":68,"column":34}},"loc":{"start":{"line":68,"column":39},"end":{"line":68,"column":55}},"line":68},"6":{"name":"handleSubmit","decl":{"start":{"line":75,"column":13},"end":{"line":75,"column":25}},"loc":{"start":{"line":75,"column":28},"end":{"line":89,"column":5}},"line":75},"7":{"name":"(anonymous_7)","decl":{"start":{"line":95,"column":86},"end":{"line":95,"column":87}},"loc":{"start":{"line":95,"column":91},"end":{"line":95,"column":116}},"line":95},"8":{"name":"(anonymous_8)","decl":{"start":{"line":100,"column":30},"end":{"line":100,"column":31}},"loc":{"start":{"line":101,"column":20},"end":{"line":113,"column":26}},"line":101},"9":{"name":"(anonymous_9)","decl":{"start":{"line":107,"column":43},"end":{"line":107,"column":44}},"loc":{"start":{"line":108,"column":32},"end":{"line":108,"column":71}},"line":108},"10":{"name":"(anonymous_10)","decl":{"start":{"line":111,"column":67},"end":{"line":111,"column":68}},"loc":{"start":{"line":111,"column":71},"end":{"line":111,"column":109}},"line":111},"11":{"name":"(anonymous_11)","decl":{"start":{"line":112,"column":64},"end":{"line":112,"column":65}},"loc":{"start":{"line":112,"column":68},"end":{"line":112,"column":81}},"line":112},"12":{"name":"(anonymous_12)","decl":{"start":{"line":119,"column":33},"end":{"line":119,"column":34}},"loc":{"start":{"line":119,"column":37},"end":{"line":119,"column":54}},"line":119},"13":{"name":"(anonymous_13)","decl":{"start":{"line":122,"column":36},"end":{"line":122,"column":37}},"loc":{"start":{"line":123,"column":24},"end":{"line":126,"column":30}},"line":123},"14":{"name":"(anonymous_14)","decl":{"start":{"line":129,"column":33},"end":{"line":129,"column":34}},"loc":{"start":{"line":129,"column":37},"end":{"line":129,"column":61}},"line":129},"15":{"name":"(anonymous_15)","decl":{"start":{"line":132,"column":55},"end":{"line":132,"column":56}},"loc":{"start":{"line":132,"column":59},"end":{"line":132,"column":94}},"line":132}},"branchMap":{"0":{"loc":{"start":{"line":68,"column":8},"end":{"line":71,"column":9}},"type":"if","locations":[{"start":{"line":68,"column":8},"end":{"line":71,"column":9}},{"start":{},"end":{}}],"line":68},"1":{"loc":{"start":{"line":117,"column":60},"end":{"line":117,"column":82}},"type":"cond-expr","locations":[{"start":{"line":117,"column":69},"end":{"line":117,"column":75}},{"start":{"line":117,"column":76},"end":{"line":117,"column":82}}],"line":117},"2":{"loc":{"start":{"line":121,"column":63},"end":{"line":121,"column":93}},"type":"cond-expr","locations":[{"start":{"line":121,"column":80},"end":{"line":121,"column":86}},{"start":{"line":121,"column":87},"end":{"line":121,"column":93}}],"line":121}},"s":{"0":0,"1":0,"2":0,"3":0,"4":0,"5":0,"6":0,"7":0,"8":0,"9":0,"10":0,"11":0,"12":0,"13":0,"14":0,"15":0,"16":0,"17":0,"18":0,"19":0,"20":0,"21":0,"22":0,"23":0,"24":0,"25":0,"26":0,"27":0,"28":0,"29":0,"30":0,"31":0,"32":0,"33":0,"34":0,"35":0,"36":0,"37":0},"f":{"0":0,"1":0,"2":0,"3":0,"4":0,"5":0,"6":0,"7":0,"8":0,"9":0,"10":0,"11":0,"12":0,"13":0,"14":0,"15":0},"b":{"0":[0,0],"1":[0,0],"2":[0,0]}}
,"C:\\Users\\elian\\Desktop\\Bao\\Bao\\TSARALAZA\\apps\\Koze\\Koze\\Lenguapp\\lenguapp\\client\\src\\Components\\admin\\ContentMeta.js": {"path":"C:\\Users\\elian\\Desktop\\Bao\\Bao\\TSARALAZA\\apps\\Koze\\Koze\\Lenguapp\\lenguapp\\client\\src\\Components\\admin\\ContentMeta.js","statementMap":{"0":{"start":{"line":4,"column":21},"end":{"line":11,"column":1}},"1":{"start":{"line":13,"column":27},"end":{"line":30,"column":1}},"2":{"start":{"line":34,"column":33},"end":{"line":34,"column":55}},"3":{"start":{"line":35,"column":36},"end":{"line":35,"column":51}},"4":{"start":{"line":36,"column":44},"end":{"line":36,"column":56}},"5":{"start":{"line":37,"column":21},"end":{"line":37,"column":40}},"6":{"start":{"line":38,"column":28},"end":{"line":38,"column":39}},"7":{"start":{"line":39,"column":4},"end":{"line":39,"column":40}},"8":{"start":{"line":42,"column":28},"end":{"line":42,"column":42}},"9":{"start":{"line":43,"column":8},"end":{"line":43,"column":34}},"10":{"start":{"line":44,"column":8},"end":{"line":44,"column":61}},"11":{"start":{"line":45,"column":8},"end":{"line":45,"column":39}},"12":{"start":{"line":49,"column":21},"end":{"line":56,"column":9}},"13":{"start":{"line":57,"column":24},"end":{"line":57,"column":41}},"14":{"start":{"line":58,"column":25},"end":{"line":58,"column":27}},"15":{"start":{"line":59,"column":8},"end":{"line":63,"column":9}},"16":{"start":{"line":60,"column":12},"end":{"line":62,"column":13}},"17":{"start":{"line":61,"column":16},"end":{"line":61,"column":39}},"18":{"start":{"line":64,"column":8},"end":{"line":64,"column":28}},"19":{"start":{"line":68,"column":8},"end":{"line":68,"column":26}},"20":{"start":{"line":69,"column":8},"end":{"line":69,"column":30}},"21":{"start":{"line":70,"column":8},"end":{"line":70,"column":36}},"22":{"start":{"line":71,"column":29},"end":{"line":71,"column":57}},"23":{"start":{"line":72,"column":8},"end":{"line":94,"column":9}},"24":{"start":{"line":73,"column":12},"end":{"line":89,"column":13}},"25":{"start":{"line":75,"column":16},"end":{"line":78,"column":18}},"26":{"start":{"line":79,"column":16},"end":{"line":82,"column":18}},"27":{"start":{"line":88,"column":16},"end":{"line":88,"column":41}},"28":{"start":{"line":92,"column":12},"end":{"line":92,"column":55}},"29":{"start":{"line":93,"column":12},"end":{"line":93,"column":106}},"30":{"start":{"line":99,"column":4},"end":{"line":176,"column":5}},"31":{"start":{"line":104,"column":70},"end":{"line":104,"column":84}},"32":{"start":{"line":107,"column":77},"end":{"line":107,"column":91}},"33":{"start":{"line":109,"column":28},"end":{"line":109,"column":80}},"34":{"start":{"line":114,"column":78},"end":{"line":114,"column":92}},"35":{"start":{"line":115,"column":57},"end":{"line":115,"column":89}},"36":{"start":{"line":116,"column":28},"end":{"line":116,"column":82}},"37":{"start":{"line":124,"column":103},"end":{"line":124,"column":119}},"38":{"start":{"line":128,"column":104},"end":{"line":128,"column":121}},"39":{"start":{"line":135,"column":60},"end":{"line":135,"column":74}},"40":{"start":{"line":144,"column":56},"end":{"line":144,"column":70}},"41":{"start":{"line":152,"column":56},"end":{"line":152,"column":70}},"42":{"start":{"line":159,"column":55},"end":{"line":159,"column":69}},"43":{"start":{"line":165,"column":66},"end":{"line":165,"column":94}},"44":{"start":{"line":166,"column":65},"end":{"line":166,"column":94}}},"fnMap":{"0":{"name":"ContentMeta","decl":{"start":{"line":32,"column":9},"end":{"line":32,"column":20}},"loc":{"start":{"line":32,"column":22},"end":{"line":177,"column":1}},"line":32},"1":{"name":"metaHandler","decl":{"start":{"line":41,"column":13},"end":{"line":41,"column":24}},"loc":{"start":{"line":41,"column":27},"end":{"line":46,"column":5}},"line":41},"2":{"name":"check_required_keys","decl":{"start":{"line":48,"column":13},"end":{"line":48,"column":32}},"loc":{"start":{"line":48,"column":38},"end":{"line":65,"column":5}},"line":48},"3":{"name":"handleSubmit","decl":{"start":{"line":66,"column":13},"end":{"line":66,"column":25}},"loc":{"start":{"line":66,"column":28},"end":{"line":97,"column":5}},"line":66},"4":{"name":"(anonymous_4)","decl":{"start":{"line":104,"column":65},"end":{"line":104,"column":66}},"loc":{"start":{"line":104,"column":70},"end":{"line":104,"column":84}},"line":104},"5":{"name":"(anonymous_5)","decl":{"start":{"line":107,"column":72},"end":{"line":107,"column":73}},"loc":{"start":{"line":107,"column":77},"end":{"line":107,"column":91}},"line":107},"6":{"name":"(anonymous_6)","decl":{"start":{"line":108,"column":48},"end":{"line":108,"column":49}},"loc":{"start":{"line":109,"column":28},"end":{"line":109,"column":80}},"line":109},"7":{"name":"(anonymous_7)","decl":{"start":{"line":114,"column":73},"end":{"line":114,"column":74}},"loc":{"start":{"line":114,"column":78},"end":{"line":114,"column":92}},"line":114},"8":{"name":"(anonymous_8)","decl":{"start":{"line":115,"column":51},"end":{"line":115,"column":52}},"loc":{"start":{"line":115,"column":57},"end":{"line":115,"column":89}},"line":115},"9":{"name":"(anonymous_9)","decl":{"start":{"line":115,"column":96},"end":{"line":115,"column":97}},"loc":{"start":{"line":116,"column":28},"end":{"line":116,"column":82}},"line":116},"10":{"name":"(anonymous_10)","decl":{"start":{"line":124,"column":99},"end":{"line":124,"column":100}},"loc":{"start":{"line":124,"column":103},"end":{"line":124,"column":119}},"line":124},"11":{"name":"(anonymous_11)","decl":{"start":{"line":128,"column":100},"end":{"line":128,"column":101}},"loc":{"start":{"line":128,"column":104},"end":{"line":128,"column":121}},"line":128},"12":{"name":"(anonymous_12)","decl":{"start":{"line":135,"column":55},"end":{"line":135,"column":56}},"loc":{"start":{"line":135,"column":60},"end":{"line":135,"column":74}},"line":135},"13":{"name":"(anonymous_13)","decl":{"start":{"line":144,"column":51},"end":{"line":144,"column":52}},"loc":{"start":{"line":144,"column":56},"end":{"line":144,"column":70}},"line":144},"14":{"name":"(anonymous_14)","decl":{"start":{"line":152,"column":51},"end":{"line":152,"column":52}},"loc":{"start":{"line":152,"column":56},"end":{"line":152,"column":70}},"line":152},"15":{"name":"(anonymous_15)","decl":{"start":{"line":159,"column":50},"end":{"line":159,"column":51}},"loc":{"start":{"line":159,"column":55},"end":{"line":159,"column":69}},"line":159},"16":{"name":"(anonymous_16)","decl":{"start":{"line":165,"column":60},"end":{"line":165,"column":61}},"loc":{"start":{"line":165,"column":66},"end":{"line":165,"column":94}},"line":165},"17":{"name":"(anonymous_17)","decl":{"start":{"line":166,"column":59},"end":{"line":166,"column":60}},"loc":{"start":{"line":166,"column":65},"end":{"line":166,"column":94}},"line":166}},"branchMap":{"0":{"loc":{"start":{"line":60,"column":12},"end":{"line":62,"column":13}},"type":"if","locations":[{"start":{"line":60,"column":12},"end":{"line":62,"column":13}},{"start":{},"end":{}}],"line":60},"1":{"loc":{"start":{"line":72,"column":8},"end":{"line":94,"column":9}},"type":"if","locations":[{"start":{"line":72,"column":8},"end":{"line":94,"column":9}},{"start":{"line":91,"column":12},"end":{"line":94,"column":9}}],"line":72},"2":{"loc":{"start":{"line":73,"column":12},"end":{"line":89,"column":13}},"type":"if","locations":[{"start":{"line":73,"column":12},"end":{"line":89,"column":13}},{"start":{"line":87,"column":16},"end":{"line":89,"column":13}}],"line":73},"3":{"loc":{"start":{"line":133,"column":36},"end":{"line":133,"column":62}},"type":"cond-expr","locations":[{"start":{"line":133,"column":48},"end":{"line":133,"column":55}},{"start":{"line":133,"column":56},"end":{"line":133,"column":62}}],"line":133},"4":{"loc":{"start":{"line":168,"column":13},"end":{"line":172,"column":20}},"type":"cond-expr","locations":[{"start":{"line":169,"column":16},"end":{"line":171,"column":22}},{"start":{"line":172,"column":16},"end":{"line":172,"column":20}}],"line":168}},"s":{"0":0,"1":0,"2":0,"3":0,"4":0,"5":0,"6":0,"7":0,"8":0,"9":0,"10":0,"11":0,"12":0,"13":0,"14":0,"15":0,"16":0,"17":0,"18":0,"19":0,"20":0,"21":0,"22":0,"23":0,"24":0,"25":0,"26":0,"27":0,"28":0,"29":0,"30":0,"31":0,"32":0,"33":0,"34":0,"35":0,"36":0,"37":0,"38":0,"39":0,"40":0,"41":0,"42":0,"43":0,"44":0},"f":{"0":0,"1":0,"2":0,"3":0,"4":0,"5":0,"6":0,"7":0,"8":0,"9":0,"10":0,"11":0,"12":0,"13":0,"14":0,"15":0,"16":0,"17":0},"b":{"0":[0,0],"1":[0,0],"2":[0,0],"3":[0,0],"4":[0,0]}}
,"C:\\Users\\elian\\Desktop\\Bao\\Bao\\TSARALAZA\\apps\\Koze\\Koze\\Lenguapp\\lenguapp\\client\\src\\Components\\admin\\ContentPublish.js": {"path":"C:\\Users\\elian\\Desktop\\Bao\\Bao\\TSARALAZA\\apps\\Koze\\Koze\\Lenguapp\\lenguapp\\client\\src\\Components\\admin\\ContentPublish.js","statementMap":{"0":{"start":{"line":7,"column":15},"end":{"line":33,"column":1}},"1":{"start":{"line":36,"column":37},"end":{"line":36,"column":48}},"2":{"start":{"line":37,"column":33},"end":{"line":37,"column":49}},"3":{"start":{"line":39,"column":4},"end":{"line":80,"column":9}},"4":{"start":{"line":40,"column":26},"end":{"line":44,"column":9}},"5":{"start":{"line":41,"column":12},"end":{"line":41,"column":86}},"6":{"start":{"line":48,"column":28},"end":{"line":48,"column":39}},"7":{"start":{"line":49,"column":12},"end":{"line":52,"column":19}},"8":{"start":{"line":50,"column":16},"end":{"line":50,"column":90}},"9":{"start":{"line":51,"column":16},"end":{"line":51,"column":36}},"10":{"start":{"line":58,"column":28},"end":{"line":58,"column":39}},"11":{"start":{"line":60,"column":12},"end":{"line":63,"column":19}},"12":{"start":{"line":61,"column":16},"end":{"line":61,"column":89}},"13":{"start":{"line":62,"column":16},"end":{"line":62,"column":36}},"14":{"start":{"line":67,"column":28},"end":{"line":67,"column":39}},"15":{"start":{"line":69,"column":12},"end":{"line":74,"column":20}},"16":{"start":{"line":70,"column":27},"end":{"line":70,"column":44}},"17":{"start":{"line":71,"column":16},"end":{"line":71,"column":52}},"18":{"start":{"line":72,"column":16},"end":{"line":72,"column":87}},"19":{"start":{"line":73,"column":16},"end":{"line":73,"column":36}},"20":{"start":{"line":76,"column":8},"end":{"line":76,"column":17}},"21":{"start":{"line":77,"column":8},"end":{"line":77,"column":17}},"22":{"start":{"line":78,"column":8},"end":{"line":78,"column":21}},"23":{"start":{"line":82,"column":4},"end":{"line":82,"column":28}},"24":{"start":{"line":83,"column":4},"end":{"line":112,"column":5}},"25":{"start":{"line":92,"column":24},"end":{"line":106,"column":29}}},"fnMap":{"0":{"name":"ContentPublish","decl":{"start":{"line":35,"column":9},"end":{"line":35,"column":23}},"loc":{"start":{"line":35,"column":25},"end":{"line":113,"column":1}},"line":35},"1":{"name":"(anonymous_1)","decl":{"start":{"line":39,"column":15},"end":{"line":39,"column":16}},"loc":{"start":{"line":39,"column":21},"end":{"line":80,"column":5}},"line":39},"2":{"name":"(anonymous_2)","decl":{"start":{"line":40,"column":26},"end":{"line":40,"column":27}},"loc":{"start":{"line":40,"column":38},"end":{"line":44,"column":9}},"line":40},"3":{"name":"levelOk","decl":{"start":{"line":46,"column":17},"end":{"line":46,"column":24}},"loc":{"start":{"line":46,"column":28},"end":{"line":54,"column":9}},"line":46},"4":{"name":"(anonymous_4)","decl":{"start":{"line":49,"column":23},"end":{"line":49,"column":24}},"loc":{"start":{"line":49,"column":29},"end":{"line":52,"column":13}},"line":49},"5":{"name":"themeOk","decl":{"start":{"line":56,"column":17},"end":{"line":56,"column":24}},"loc":{"start":{"line":56,"column":28},"end":{"line":64,"column":9}},"line":56},"6":{"name":"(anonymous_6)","decl":{"start":{"line":60,"column":23},"end":{"line":60,"column":24}},"loc":{"start":{"line":60,"column":29},"end":{"line":63,"column":13}},"line":60},"7":{"name":"publishedOk","decl":{"start":{"line":66,"column":17},"end":{"line":66,"column":28}},"loc":{"start":{"line":66,"column":32},"end":{"line":75,"column":9}},"line":66},"8":{"name":"(anonymous_8)","decl":{"start":{"line":69,"column":23},"end":{"line":69,"column":24}},"loc":{"start":{"line":69,"column":35},"end":{"line":74,"column":13}},"line":69},"9":{"name":"(anonymous_9)","decl":{"start":{"line":91,"column":33},"end":{"line":91,"column":34}},"loc":{"start":{"line":92,"column":24},"end":{"line":106,"column":29}},"line":92}},"branchMap":{"0":{"loc":{"start":{"line":50,"column":38},"end":{"line":50,"column":89}},"type":"cond-expr","locations":[{"start":{"line":50,"column":69},"end":{"line":50,"column":78}},{"start":{"line":50,"column":81},"end":{"line":50,"column":89}}],"line":50},"1":{"loc":{"start":{"line":61,"column":38},"end":{"line":61,"column":88}},"type":"cond-expr","locations":[{"start":{"line":61,"column":69},"end":{"line":61,"column":78}},{"start":{"line":61,"column":80},"end":{"line":61,"column":88}}],"line":61},"2":{"loc":{"start":{"line":72,"column":38},"end":{"line":72,"column":86}},"type":"cond-expr","locations":[{"start":{"line":72,"column":66},"end":{"line":72,"column":75}},{"start":{"line":72,"column":78},"end":{"line":72,"column":86}}],"line":72},"3":{"loc":{"start":{"line":94,"column":29},"end":{"line":96,"column":38}},"type":"cond-expr","locations":[{"start":{"line":95,"column":32},"end":{"line":95,"column":69}},{"start":{"line":96,"column":34},"end":{"line":96,"column":38}}],"line":94},"4":{"loc":{"start":{"line":98,"column":29},"end":{"line":100,"column":38}},"type":"cond-expr","locations":[{"start":{"line":99,"column":32},"end":{"line":99,"column":67}},{"start":{"line":100,"column":34},"end":{"line":100,"column":38}}],"line":98},"5":{"loc":{"start":{"line":102,"column":29},"end":{"line":104,"column":38}},"type":"cond-expr","locations":[{"start":{"line":103,"column":32},"end":{"line":103,"column":66}},{"start":{"line":104,"column":34},"end":{"line":104,"column":38}}],"line":102}},"s":{"0":0,"1":0,"2":0,"3":0,"4":0,"5":0,"6":0,"7":0,"8":0,"9":0,"10":0,"11":0,"12":0,"13":0,"14":0,"15":0,"16":0,"17":0,"18":0,"19":0,"20":0,"21":0,"22":0,"23":0,"24":0,"25":0},"f":{"0":0,"1":0,"2":0,"3":0,"4":0,"5":0,"6":0,"7":0,"8":0,"9":0},"b":{"0":[0,0],"1":[0,0],"2":[0,0],"3":[0,0],"4":[0,0],"5":[0,0]}}
,"C:\\Users\\elian\\Desktop\\Bao\\Bao\\TSARALAZA\\apps\\Koze\\Koze\\Lenguapp\\lenguapp\\client\\src\\Components\\admin\\ContentSwitcher.js": {"path":"C:\\Users\\elian\\Desktop\\Bao\\Bao\\TSARALAZA\\apps\\Koze\\Koze\\Lenguapp\\lenguapp\\client\\src\\Components\\admin\\ContentSwitcher.js","statementMap":{"0":{"start":{"line":10,"column":20},"end":{"line":10,"column":31}},"1":{"start":{"line":14,"column":8},"end":{"line":29,"column":9}},"2":{"start":{"line":16,"column":16},"end":{"line":16,"column":37}},"3":{"start":{"line":17,"column":12},"end":{"line":17,"column":18}},"4":{"start":{"line":19,"column":16},"end":{"line":19,"column":39}},"5":{"start":{"line":20,"column":12},"end":{"line":20,"column":18}},"6":{"start":{"line":22,"column":16},"end":{"line":22,"column":43}},"7":{"start":{"line":23,"column":12},"end":{"line":23,"column":18}},"8":{"start":{"line":25,"column":16},"end":{"line":25,"column":40}},"9":{"start":{"line":26,"column":12},"end":{"line":26,"column":18}},"10":{"start":{"line":28,"column":16},"end":{"line":28,"column":39}},"11":{"start":{"line":31,"column":4},"end":{"line":35,"column":5}}},"fnMap":{"0":{"name":"ContentSwitcher","decl":{"start":{"line":9,"column":24},"end":{"line":9,"column":39}},"loc":{"start":{"line":9,"column":41},"end":{"line":36,"column":1}},"line":9},"1":{"name":"getComponent","decl":{"start":{"line":13,"column":13},"end":{"line":13,"column":25}},"loc":{"start":{"line":13,"column":27},"end":{"line":30,"column":5}},"line":13}},"branchMap":{"0":{"loc":{"start":{"line":14,"column":8},"end":{"line":29,"column":9}},"type":"switch","locations":[{"start":{"line":15,"column":12},"end":{"line":17,"column":18}},{"start":{"line":18,"column":12},"end":{"line":20,"column":18}},{"start":{"line":21,"column":12},"end":{"line":23,"column":18}},{"start":{"line":24,"column":12},"end":{"line":26,"column":18}},{"start":{"line":27,"column":12},"end":{"line":28,"column":39}}],"line":14}},"s":{"0":0,"1":0,"2":0,"3":0,"4":0,"5":0,"6":0,"7":0,"8":0,"9":0,"10":0,"11":0},"f":{"0":0,"1":0},"b":{"0":[0,0,0,0,0]}}
,"C:\\Users\\elian\\Desktop\\Bao\\Bao\\TSARALAZA\\apps\\Koze\\Koze\\Lenguapp\\lenguapp\\client\\src\\Components\\admin\\ContentValidation.js": {"path":"C:\\Users\\elian\\Desktop\\Bao\\Bao\\TSARALAZA\\apps\\Koze\\Koze\\Lenguapp\\lenguapp\\client\\src\\Components\\admin\\ContentValidation.js","statementMap":{"0":{"start":{"line":6,"column":36},"end":{"line":6,"column":47}},"1":{"start":{"line":7,"column":4},"end":{"line":7,"column":40}},"2":{"start":{"line":8,"column":21},"end":{"line":8,"column":40}},"3":{"start":{"line":11,"column":8},"end":{"line":11,"column":27}},"4":{"start":{"line":12,"column":8},"end":{"line":17,"column":9}},"5":{"start":{"line":18,"column":8},"end":{"line":23,"column":9}},"6":{"start":{"line":25,"column":8},"end":{"line":30,"column":9}},"7":{"start":{"line":33,"column":4},"end":{"line":49,"column":5}},"8":{"start":{"line":42,"column":20},"end":{"line":44,"column":26}}},"fnMap":{"0":{"name":"ContentValidation","decl":{"start":{"line":5,"column":9},"end":{"line":5,"column":26}},"loc":{"start":{"line":5,"column":28},"end":{"line":50,"column":1}},"line":5},"1":{"name":"handleSubmit","decl":{"start":{"line":10,"column":13},"end":{"line":10,"column":25}},"loc":{"start":{"line":10,"column":28},"end":{"line":31,"column":5}},"line":10},"2":{"name":"(anonymous_2)","decl":{"start":{"line":41,"column":29},"end":{"line":41,"column":30}},"loc":{"start":{"line":42,"column":20},"end":{"line":44,"column":26}},"line":42}},"branchMap":{},"s":{"0":0,"1":0,"2":0,"3":0,"4":0,"5":0,"6":0,"7":0,"8":0},"f":{"0":0,"1":0,"2":0},"b":{}}
,"C:\\Users\\elian\\Desktop\\Bao\\Bao\\TSARALAZA\\apps\\Koze\\Koze\\Lenguapp\\lenguapp\\client\\src\\Components\\admin\\FlowBar.js": {"path":"C:\\Users\\elian\\Desktop\\Bao\\Bao\\TSARALAZA\\apps\\Koze\\Koze\\Lenguapp\\lenguapp\\client\\src\\Components\\admin\\FlowBar.js","statementMap":{"0":{"start":{"line":4,"column":14},"end":{"line":22,"column":1}},"1":{"start":{"line":25,"column":19},"end":{"line":25,"column":30}},"2":{"start":{"line":26,"column":4},"end":{"line":35,"column":5}},"3":{"start":{"line":29,"column":16},"end":{"line":32,"column":22}}},"fnMap":{"0":{"name":"FlowBar","decl":{"start":{"line":24,"column":24},"end":{"line":24,"column":31}},"loc":{"start":{"line":24,"column":33},"end":{"line":36,"column":1}},"line":24},"1":{"name":"(anonymous_1)","decl":{"start":{"line":28,"column":24},"end":{"line":28,"column":25}},"loc":{"start":{"line":29,"column":16},"end":{"line":32,"column":22}},"line":29}},"branchMap":{"0":{"loc":{"start":{"line":30,"column":60},"end":{"line":30,"column":81}},"type":"cond-expr","locations":[{"start":{"line":30,"column":68},"end":{"line":30,"column":74}},{"start":{"line":30,"column":75},"end":{"line":30,"column":81}}],"line":30}},"s":{"0":0,"1":0,"2":0,"3":0},"f":{"0":0,"1":0},"b":{"0":[0,0]}}
,"C:\\Users\\elian\\Desktop\\Bao\\Bao\\TSARALAZA\\apps\\Koze\\Koze\\Lenguapp\\lenguapp\\client\\src\\Container\\Create.js": {"path":"C:\\Users\\elian\\Desktop\\Bao\\Bao\\TSARALAZA\\apps\\Koze\\Koze\\Lenguapp\\lenguapp\\client\\src\\Container\\Create.js","statementMap":{"0":{"start":{"line":8,"column":14},"end":{"line":26,"column":1}},"1":{"start":{"line":30,"column":39},"end":{"line":30,"column":51}},"2":{"start":{"line":31,"column":4},"end":{"line":43,"column":5}}},"fnMap":{"0":{"name":"CreateCourse","decl":{"start":{"line":29,"column":9},"end":{"line":29,"column":21}},"loc":{"start":{"line":29,"column":23},"end":{"line":44,"column":1}},"line":29}},"branchMap":{},"s":{"0":0,"1":0,"2":0},"f":{"0":0},"b":{}}
,"C:\\Users\\elian\\Desktop\\Bao\\Bao\\TSARALAZA\\apps\\Koze\\Koze\\Lenguapp\\lenguapp\\client\\src\\Container\\DashboardAdmin.js": {"path":"C:\\Users\\elian\\Desktop\\Bao\\Bao\\TSARALAZA\\apps\\Koze\\Koze\\Lenguapp\\lenguapp\\client\\src\\Container\\DashboardAdmin.js","statementMap":{"0":{"start":{"line":6,"column":4},"end":{"line":10,"column":5}}},"fnMap":{"0":{"name":"DashboardAdmin","decl":{"start":{"line":5,"column":9},"end":{"line":5,"column":23}},"loc":{"start":{"line":5,"column":25},"end":{"line":11,"column":1}},"line":5}},"branchMap":{},"s":{"0":0},"f":{"0":0},"b":{}}
,"C:\\Users\\elian\\Desktop\\Bao\\Bao\\TSARALAZA\\apps\\Koze\\Koze\\Lenguapp\\lenguapp\\client\\src\\Container\\DashboardUser.js": {"path":"C:\\Users\\elian\\Desktop\\Bao\\Bao\\TSARALAZA\\apps\\Koze\\Koze\\Lenguapp\\lenguapp\\client\\src\\Container\\DashboardUser.js","statementMap":{"0":{"start":{"line":6,"column":4},"end":{"line":10,"column":5}}},"fnMap":{"0":{"name":"DashboardUser","decl":{"start":{"line":5,"column":9},"end":{"line":5,"column":22}},"loc":{"start":{"line":5,"column":24},"end":{"line":11,"column":1}},"line":5}},"branchMap":{},"s":{"0":0},"f":{"0":0},"b":{}}
,"C:\\Users\\elian\\Desktop\\Bao\\Bao\\TSARALAZA\\apps\\Koze\\Koze\\Lenguapp\\lenguapp\\client\\src\\Container\\Feed.js": {"path":"C:\\Users\\elian\\Desktop\\Bao\\Bao\\TSARALAZA\\apps\\Koze\\Koze\\Lenguapp\\lenguapp\\client\\src\\Container\\Feed.js","statementMap":{"0":{"start":{"line":8,"column":12},"end":{"line":10,"column":5}},"1":{"start":{"line":13,"column":8},"end":{"line":15,"column":10}},"2":{"start":{"line":14,"column":12},"end":{"line":14,"column":49}},"3":{"start":{"line":18,"column":8},"end":{"line":24,"column":9}},"4":{"start":{"line":21,"column":20},"end":{"line":21,"column":31}}},"fnMap":{"0":{"name":"(anonymous_0)","decl":{"start":{"line":12,"column":4},"end":{"line":12,"column":5}},"loc":{"start":{"line":12,"column":24},"end":{"line":16,"column":5}},"line":12},"1":{"name":"(anonymous_1)","decl":{"start":{"line":13,"column":53},"end":{"line":13,"column":54}},"loc":{"start":{"line":13,"column":63},"end":{"line":15,"column":9}},"line":13},"2":{"name":"(anonymous_2)","decl":{"start":{"line":17,"column":4},"end":{"line":17,"column":5}},"loc":{"start":{"line":17,"column":13},"end":{"line":25,"column":5}},"line":17},"3":{"name":"(anonymous_3)","decl":{"start":{"line":20,"column":45},"end":{"line":20,"column":46}},"loc":{"start":{"line":21,"column":20},"end":{"line":21,"column":31}},"line":21}},"branchMap":{},"s":{"0":0,"1":0,"2":0,"3":0,"4":0},"f":{"0":0,"1":0,"2":0,"3":0},"b":{}}
,"C:\\Users\\elian\\Desktop\\Bao\\Bao\\TSARALAZA\\apps\\Koze\\Koze\\Lenguapp\\lenguapp\\client\\src\\Container\\Homepage.js": {"path":"C:\\Users\\elian\\Desktop\\Bao\\Bao\\TSARALAZA\\apps\\Koze\\Koze\\Lenguapp\\lenguapp\\client\\src\\Container\\Homepage.js","statementMap":{"0":{"start":{"line":8,"column":4},"end":{"line":8,"column":41}},"1":{"start":{"line":11,"column":17},"end":{"line":32,"column":1}},"2":{"start":{"line":35,"column":4},"end":{"line":35,"column":35}},"3":{"start":{"line":36,"column":8},"end":{"line":64,"column":9}}},"fnMap":{"0":{"name":"randomPos","decl":{"start":{"line":7,"column":9},"end":{"line":7,"column":18}},"loc":{"start":{"line":7,"column":20},"end":{"line":9,"column":1}},"line":7},"1":{"name":"HomePage","decl":{"start":{"line":34,"column":24},"end":{"line":34,"column":32}},"loc":{"start":{"line":34,"column":35},"end":{"line":65,"column":1}},"line":34}},"branchMap":{},"s":{"0":0,"1":0,"2":0,"3":0},"f":{"0":0,"1":0},"b":{}}
,"C:\\Users\\elian\\Desktop\\Bao\\Bao\\TSARALAZA\\apps\\Koze\\Koze\\Lenguapp\\lenguapp\\client\\src\\Container\\Learn.js": {"path":"C:\\Users\\elian\\Desktop\\Bao\\Bao\\TSARALAZA\\apps\\Koze\\Koze\\Lenguapp\\lenguapp\\client\\src\\Container\\Learn.js","statementMap":{"0":{"start":{"line":7,"column":27},"end":{"line":7,"column":38}},"1":{"start":{"line":8,"column":31},"end":{"line":8,"column":43}},"2":{"start":{"line":9,"column":21},"end":{"line":9,"column":34}},"3":{"start":{"line":10,"column":24},"end":{"line":10,"column":38}},"4":{"start":{"line":12,"column":4},"end":{"line":20,"column":19}},"5":{"start":{"line":13,"column":8},"end":{"line":19,"column":40}},"6":{"start":{"line":15,"column":16},"end":{"line":15,"column":35}},"7":{"start":{"line":16,"column":16},"end":{"line":16,"column":40}},"8":{"start":{"line":17,"column":16},"end":{"line":17,"column":37}},"9":{"start":{"line":19,"column":25},"end":{"line":19,"column":39}},"10":{"start":{"line":22,"column":4},"end":{"line":22,"column":32}},"11":{"start":{"line":25,"column":4},"end":{"line":54,"column":5}},"12":{"start":{"line":49,"column":91},"end":{"line":49,"column":108}},"13":{"start":{"line":50,"column":91},"end":{"line":50,"column":108}}},"fnMap":{"0":{"name":"Learn","decl":{"start":{"line":6,"column":10},"end":{"line":6,"column":15}},"loc":{"start":{"line":6,"column":24},"end":{"line":55,"column":1}},"line":6},"1":{"name":"(anonymous_1)","decl":{"start":{"line":12,"column":15},"end":{"line":12,"column":16}},"loc":{"start":{"line":12,"column":21},"end":{"line":20,"column":5}},"line":12},"2":{"name":"(anonymous_2)","decl":{"start":{"line":14,"column":19},"end":{"line":14,"column":20}},"loc":{"start":{"line":14,"column":27},"end":{"line":18,"column":14}},"line":14},"3":{"name":"(anonymous_3)","decl":{"start":{"line":19,"column":20},"end":{"line":19,"column":21}},"loc":{"start":{"line":19,"column":25},"end":{"line":19,"column":39}},"line":19},"4":{"name":"(anonymous_4)","decl":{"start":{"line":49,"column":85},"end":{"line":49,"column":86}},"loc":{"start":{"line":49,"column":91},"end":{"line":49,"column":108}},"line":49},"5":{"name":"(anonymous_5)","decl":{"start":{"line":50,"column":85},"end":{"line":50,"column":86}},"loc":{"start":{"line":50,"column":91},"end":{"line":50,"column":108}},"line":50}},"branchMap":{"0":{"loc":{"start":{"line":30,"column":17},"end":{"line":33,"column":24}},"type":"cond-expr","locations":[{"start":{"line":31,"column":20},"end":{"line":31,"column":59}},{"start":{"line":33,"column":20},"end":{"line":33,"column":24}}],"line":30},"1":{"loc":{"start":{"line":40,"column":13},"end":{"line":45,"column":20}},"type":"cond-expr","locations":[{"start":{"line":41,"column":16},"end":{"line":43,"column":19}},{"start":{"line":45,"column":16},"end":{"line":45,"column":20}}],"line":40},"2":{"loc":{"start":{"line":49,"column":49},"end":{"line":49,"column":73}},"type":"cond-expr","locations":[{"start":{"line":49,"column":62},"end":{"line":49,"column":66}},{"start":{"line":49,"column":68},"end":{"line":49,"column":73}}],"line":49},"3":{"loc":{"start":{"line":50,"column":49},"end":{"line":50,"column":73}},"type":"cond-expr","locations":[{"start":{"line":50,"column":62},"end":{"line":50,"column":66}},{"start":{"line":50,"column":68},"end":{"line":50,"column":73}}],"line":50}},"s":{"0":0,"1":0,"2":0,"3":0,"4":0,"5":0,"6":0,"7":0,"8":0,"9":0,"10":0,"11":0,"12":0,"13":0},"f":{"0":0,"1":0,"2":0,"3":0,"4":0,"5":0},"b":{"0":[0,0],"1":[0,0],"2":[0,0],"3":[0,0]}}
,"C:\\Users\\elian\\Desktop\\Bao\\Bao\\TSARALAZA\\apps\\Koze\\Koze\\Lenguapp\\lenguapp\\client\\src\\Container\\LearnPage.js": {"path":"C:\\Users\\elian\\Desktop\\Bao\\Bao\\TSARALAZA\\apps\\Koze\\Koze\\Lenguapp\\lenguapp\\client\\src\\Container\\LearnPage.js","statementMap":{"0":{"start":{"line":8,"column":22},"end":{"line":50,"column":1}},"1":{"start":{"line":54,"column":27},"end":{"line":54,"column":39}},"2":{"start":{"line":55,"column":31},"end":{"line":60,"column":6}},"3":{"start":{"line":62,"column":33},"end":{"line":62,"column":45}},"4":{"start":{"line":68,"column":8},"end":{"line":84,"column":9}},"5":{"start":{"line":70,"column":16},"end":{"line":70,"column":67}},"6":{"start":{"line":71,"column":16},"end":{"line":71,"column":22}},"7":{"start":{"line":73,"column":16},"end":{"line":73,"column":63}},"8":{"start":{"line":74,"column":16},"end":{"line":74,"column":22}},"9":{"start":{"line":76,"column":16},"end":{"line":76,"column":60}},"10":{"start":{"line":77,"column":16},"end":{"line":77,"column":22}},"11":{"start":{"line":79,"column":16},"end":{"line":79,"column":63}},"12":{"start":{"line":80,"column":16},"end":{"line":80,"column":22}},"13":{"start":{"line":82,"column":16},"end":{"line":82,"column":59}},"14":{"start":{"line":83,"column":16},"end":{"line":83,"column":22}},"15":{"start":{"line":88,"column":8},"end":{"line":88,"column":27}},"16":{"start":{"line":89,"column":25},"end":{"line":89,"column":76}},"17":{"start":{"line":90,"column":8},"end":{"line":92,"column":9}},"18":{"start":{"line":91,"column":12},"end":{"line":91,"column":40}},"19":{"start":{"line":98,"column":8},"end":{"line":98,"column":37}},"20":{"start":{"line":99,"column":8},"end":{"line":104,"column":10}},"21":{"start":{"line":108,"column":4},"end":{"line":120,"column":9}},"22":{"start":{"line":110,"column":26},"end":{"line":110,"column":77}},"23":{"start":{"line":111,"column":8},"end":{"line":111,"column":44}},"24":{"start":{"line":112,"column":8},"end":{"line":117,"column":9}},"25":{"start":{"line":113,"column":12},"end":{"line":113,"column":40}},"26":{"start":{"line":116,"column":12},"end":{"line":116,"column":40}},"27":{"start":{"line":122,"column":4},"end":{"line":183,"column":5}},"28":{"start":{"line":126,"column":67},"end":{"line":126,"column":89}},"29":{"start":{"line":135,"column":73},"end":{"line":135,"column":99}},"30":{"start":{"line":144,"column":67},"end":{"line":144,"column":90}},"31":{"start":{"line":154,"column":67},"end":{"line":154,"column":90}},"32":{"start":{"line":162,"column":65},"end":{"line":162,"column":94}},"33":{"start":{"line":175,"column":32},"end":{"line":175,"column":163}}},"fnMap":{"0":{"name":"LearnPage","decl":{"start":{"line":53,"column":9},"end":{"line":53,"column":18}},"loc":{"start":{"line":53,"column":27},"end":{"line":184,"column":1}},"line":53},"1":{"name":"handleOption","decl":{"start":{"line":67,"column":13},"end":{"line":67,"column":25}},"loc":{"start":{"line":67,"column":35},"end":{"line":85,"column":5}},"line":67},"2":{"name":"handleSubmit","decl":{"start":{"line":87,"column":19},"end":{"line":87,"column":31}},"loc":{"start":{"line":87,"column":34},"end":{"line":93,"column":5}},"line":87},"3":{"name":"getContent","decl":{"start":{"line":97,"column":19},"end":{"line":97,"column":29}},"loc":{"start":{"line":97,"column":43},"end":{"line":106,"column":5}},"line":97},"4":{"name":"(anonymous_4)","decl":{"start":{"line":108,"column":15},"end":{"line":108,"column":16}},"loc":{"start":{"line":108,"column":27},"end":{"line":120,"column":5}},"line":108},"5":{"name":"(anonymous_5)","decl":{"start":{"line":126,"column":62},"end":{"line":126,"column":63}},"loc":{"start":{"line":126,"column":67},"end":{"line":126,"column":89}},"line":126},"6":{"name":"(anonymous_6)","decl":{"start":{"line":135,"column":68},"end":{"line":135,"column":69}},"loc":{"start":{"line":135,"column":73},"end":{"line":135,"column":99}},"line":135},"7":{"name":"(anonymous_7)","decl":{"start":{"line":144,"column":62},"end":{"line":144,"column":63}},"loc":{"start":{"line":144,"column":67},"end":{"line":144,"column":90}},"line":144},"8":{"name":"(anonymous_8)","decl":{"start":{"line":154,"column":62},"end":{"line":154,"column":63}},"loc":{"start":{"line":154,"column":67},"end":{"line":154,"column":90}},"line":154},"9":{"name":"(anonymous_9)","decl":{"start":{"line":162,"column":60},"end":{"line":162,"column":61}},"loc":{"start":{"line":162,"column":65},"end":{"line":162,"column":94}},"line":162},"10":{"name":"(anonymous_10)","decl":{"start":{"line":174,"column":40},"end":{"line":174,"column":41}},"loc":{"start":{"line":175,"column":32},"end":{"line":175,"column":163}},"line":175}},"branchMap":{"0":{"loc":{"start":{"line":68,"column":8},"end":{"line":84,"column":9}},"type":"switch","locations":[{"start":{"line":69,"column":12},"end":{"line":71,"column":22}},{"start":{"line":72,"column":12},"end":{"line":74,"column":22}},{"start":{"line":75,"column":12},"end":{"line":77,"column":22}},{"start":{"line":78,"column":12},"end":{"line":80,"column":22}},{"start":{"line":81,"column":12},"end":{"line":83,"column":22}}],"line":68},"1":{"loc":{"start":{"line":90,"column":8},"end":{"line":92,"column":9}},"type":"if","locations":[{"start":{"line":90,"column":8},"end":{"line":92,"column":9}},{"start":{},"end":{}}],"line":90},"2":{"loc":{"start":{"line":112,"column":8},"end":{"line":117,"column":9}},"type":"if","locations":[{"start":{"line":112,"column":8},"end":{"line":117,"column":9}},{"start":{"line":115,"column":13},"end":{"line":117,"column":9}}],"line":112},"3":{"loc":{"start":{"line":173,"column":25},"end":{"line":178,"column":71}},"type":"cond-expr","locations":[{"start":{"line":174,"column":28},"end":{"line":176,"column":30}},{"start":{"line":178,"column":28},"end":{"line":178,"column":71}}],"line":173}},"s":{"0":0,"1":0,"2":0,"3":0,"4":0,"5":0,"6":0,"7":0,"8":0,"9":0,"10":0,"11":0,"12":0,"13":0,"14":0,"15":0,"16":0,"17":0,"18":0,"19":0,"20":0,"21":0,"22":0,"23":0,"24":0,"25":0,"26":0,"27":0,"28":0,"29":0,"30":0,"31":0,"32":0,"33":0},"f":{"0":0,"1":0,"2":0,"3":0,"4":0,"5":0,"6":0,"7":0,"8":0,"9":0,"10":0},"b":{"0":[0,0,0,0,0],"1":[0,0],"2":[0,0],"3":[0,0]}}
,"C:\\Users\\elian\\Desktop\\Bao\\Bao\\TSARALAZA\\apps\\Koze\\Koze\\Lenguapp\\lenguapp\\client\\src\\Container\\Login.js": {"path":"C:\\Users\\elian\\Desktop\\Bao\\Bao\\TSARALAZA\\apps\\Koze\\Koze\\Lenguapp\\lenguapp\\client\\src\\Container\\Login.js","statementMap":{"0":{"start":{"line":8,"column":37},"end":{"line":8,"column":49}},"1":{"start":{"line":9,"column":43},"end":{"line":9,"column":55}},"2":{"start":{"line":10,"column":41},"end":{"line":10,"column":56}},"3":{"start":{"line":11,"column":43},"end":{"line":11,"column":55}},"4":{"start":{"line":16,"column":16},"end":{"line":16,"column":34}},"5":{"start":{"line":17,"column":41},"end":{"line":17,"column":49}},"6":{"start":{"line":18,"column":16},"end":{"line":32,"column":45}},"7":{"start":{"line":20,"column":20},"end":{"line":28,"column":21}},"8":{"start":{"line":21,"column":24},"end":{"line":21,"column":85}},"9":{"start":{"line":22,"column":24},"end":{"line":22,"column":52}},"10":{"start":{"line":23,"column":24},"end":{"line":23,"column":41}},"11":{"start":{"line":26,"column":24},"end":{"line":26,"column":61}},"12":{"start":{"line":27,"column":24},"end":{"line":27,"column":41}},"13":{"start":{"line":29,"column":20},"end":{"line":29,"column":53}},"14":{"start":{"line":31,"column":26},"end":{"line":31,"column":45}},"15":{"start":{"line":32,"column":30},"end":{"line":32,"column":44}},"16":{"start":{"line":35,"column":12},"end":{"line":80,"column":9}},"17":{"start":{"line":76,"column":45},"end":{"line":76,"column":65}}},"fnMap":{"0":{"name":"Login","decl":{"start":{"line":7,"column":24},"end":{"line":7,"column":29}},"loc":{"start":{"line":7,"column":33},"end":{"line":81,"column":1}},"line":7},"1":{"name":"connect","decl":{"start":{"line":15,"column":21},"end":{"line":15,"column":28}},"loc":{"start":{"line":15,"column":32},"end":{"line":33,"column":13}},"line":15},"2":{"name":"(anonymous_2)","decl":{"start":{"line":19,"column":22},"end":{"line":19,"column":23}},"loc":{"start":{"line":19,"column":29},"end":{"line":30,"column":17}},"line":19},"3":{"name":"(anonymous_3)","decl":{"start":{"line":31,"column":22},"end":{"line":31,"column":23}},"loc":{"start":{"line":31,"column":26},"end":{"line":31,"column":45}},"line":31},"4":{"name":"(anonymous_4)","decl":{"start":{"line":32,"column":24},"end":{"line":32,"column":25}},"loc":{"start":{"line":32,"column":30},"end":{"line":32,"column":44}},"line":32},"5":{"name":"(anonymous_5)","decl":{"start":{"line":76,"column":41},"end":{"line":76,"column":42}},"loc":{"start":{"line":76,"column":45},"end":{"line":76,"column":65}},"line":76}},"branchMap":{"0":{"loc":{"start":{"line":20,"column":20},"end":{"line":28,"column":21}},"type":"if","locations":[{"start":{"line":20,"column":20},"end":{"line":28,"column":21}},{"start":{"line":25,"column":24},"end":{"line":28,"column":21}}],"line":20},"1":{"loc":{"start":{"line":74,"column":81},"end":{"line":74,"column":103}},"type":"cond-expr","locations":[{"start":{"line":74,"column":90},"end":{"line":74,"column":96}},{"start":{"line":74,"column":97},"end":{"line":74,"column":103}}],"line":74}},"s":{"0":0,"1":0,"2":0,"3":0,"4":0,"5":0,"6":0,"7":0,"8":0,"9":0,"10":0,"11":0,"12":0,"13":0,"14":0,"15":0,"16":0,"17":0},"f":{"0":0,"1":0,"2":0,"3":0,"4":0,"5":0},"b":{"0":[0,0],"1":[0,0]}}
,"C:\\Users\\elian\\Desktop\\Bao\\Bao\\TSARALAZA\\apps\\Koze\\Koze\\Lenguapp\\lenguapp\\client\\src\\Container\\SignUp.js": {"path":"C:\\Users\\elian\\Desktop\\Bao\\Bao\\TSARALAZA\\apps\\Koze\\Koze\\Lenguapp\\lenguapp\\client\\src\\Container\\SignUp.js","statementMap":{"0":{"start":{"line":5,"column":39},"end":{"line":5,"column":51}},"1":{"start":{"line":6,"column":27},"end":{"line":6,"column":39}},"2":{"start":{"line":7,"column":33},"end":{"line":7,"column":45}},"3":{"start":{"line":8,"column":37},"end":{"line":8,"column":49}},"4":{"start":{"line":10,"column":8},"end":{"line":12,"column":11}},"5":{"start":{"line":11,"column":12},"end":{"line":11,"column":71}},"6":{"start":{"line":11,"column":49},"end":{"line":11,"column":70}},"7":{"start":{"line":13,"column":8},"end":{"line":73,"column":9}},"8":{"start":{"line":20,"column":109},"end":{"line":20,"column":130}},"9":{"start":{"line":25,"column":100},"end":{"line":25,"column":124}},"10":{"start":{"line":40,"column":110},"end":{"line":40,"column":137}},"11":{"start":{"line":45,"column":126},"end":{"line":45,"column":153}}},"fnMap":{"0":{"name":"SignUp","decl":{"start":{"line":4,"column":24},"end":{"line":4,"column":30}},"loc":{"start":{"line":4,"column":34},"end":{"line":74,"column":1}},"line":4},"1":{"name":"(anonymous_1)","decl":{"start":{"line":10,"column":19},"end":{"line":10,"column":20}},"loc":{"start":{"line":10,"column":24},"end":{"line":12,"column":9}},"line":10},"2":{"name":"(anonymous_2)","decl":{"start":{"line":11,"column":44},"end":{"line":11,"column":45}},"loc":{"start":{"line":11,"column":49},"end":{"line":11,"column":70}},"line":11},"3":{"name":"(anonymous_3)","decl":{"start":{"line":20,"column":104},"end":{"line":20,"column":105}},"loc":{"start":{"line":20,"column":109},"end":{"line":20,"column":130}},"line":20},"4":{"name":"(anonymous_4)","decl":{"start":{"line":25,"column":95},"end":{"line":25,"column":96}},"loc":{"start":{"line":25,"column":100},"end":{"line":25,"column":124}},"line":25},"5":{"name":"(anonymous_5)","decl":{"start":{"line":40,"column":105},"end":{"line":40,"column":106}},"loc":{"start":{"line":40,"column":110},"end":{"line":40,"column":137}},"line":40},"6":{"name":"(anonymous_6)","decl":{"start":{"line":45,"column":121},"end":{"line":45,"column":122}},"loc":{"start":{"line":45,"column":126},"end":{"line":45,"column":153}},"line":45}},"branchMap":{},"s":{"0":0,"1":0,"2":0,"3":0,"4":0,"5":0,"6":0,"7":0,"8":0,"9":0,"10":0,"11":0},"f":{"0":0,"1":0,"2":0,"3":0,"4":0,"5":0,"6":0},"b":{}}
,"C:\\Users\\elian\\Desktop\\Bao\\Bao\\TSARALAZA\\apps\\Koze\\Koze\\Lenguapp\\lenguapp\\client\\src\\Container\\Train.js": {"path":"C:\\Users\\elian\\Desktop\\Bao\\Bao\\TSARALAZA\\apps\\Koze\\Koze\\Lenguapp\\lenguapp\\client\\src\\Container\\Train.js","statementMap":{"0":{"start":{"line":8,"column":14},"end":{"line":13,"column":1}},"1":{"start":{"line":17,"column":30},"end":{"line":17,"column":40}},"2":{"start":{"line":19,"column":4},"end":{"line":35,"column":7}},"3":{"start":{"line":22,"column":8},"end":{"line":29,"column":9}},"4":{"start":{"line":23,"column":12},"end":{"line":23,"column":42}},"5":{"start":{"line":24,"column":12},"end":{"line":24,"column":71}},"6":{"start":{"line":24,"column":37},"end":{"line":24,"column":60}},"7":{"start":{"line":26,"column":13},"end":{"line":29,"column":9}},"8":{"start":{"line":27,"column":12},"end":{"line":27,"column":41}},"9":{"start":{"line":28,"column":12},"end":{"line":28,"column":69}},"10":{"start":{"line":28,"column":37},"end":{"line":28,"column":59}},"11":{"start":{"line":31,"column":8},"end":{"line":33,"column":9}},"12":{"start":{"line":32,"column":12},"end":{"line":32,"column":44}},"13":{"start":{"line":36,"column":4},"end":{"line":36,"column":27}},"14":{"start":{"line":41,"column":29},"end":{"line":41,"column":57}},"15":{"start":{"line":43,"column":18},"end":{"line":47,"column":5}},"16":{"start":{"line":44,"column":8},"end":{"line":46,"column":9}},"17":{"start":{"line":45,"column":12},"end":{"line":45,"column":37}},"18":{"start":{"line":48,"column":16},"end":{"line":52,"column":5}},"19":{"start":{"line":49,"column":8},"end":{"line":51,"column":9}},"20":{"start":{"line":50,"column":12},"end":{"line":50,"column":35}},"21":{"start":{"line":54,"column":4},"end":{"line":54,"column":30}},"22":{"start":{"line":59,"column":34},"end":{"line":59,"column":46}},"23":{"start":{"line":60,"column":30},"end":{"line":60,"column":41}},"24":{"start":{"line":61,"column":37},"end":{"line":61,"column":49}},"25":{"start":{"line":62,"column":36},"end":{"line":62,"column":48}},"26":{"start":{"line":63,"column":30},"end":{"line":63,"column":42}},"27":{"start":{"line":64,"column":32},"end":{"line":64,"column":43}},"28":{"start":{"line":65,"column":32},"end":{"line":65,"column":44}},"29":{"start":{"line":66,"column":32},"end":{"line":66,"column":58}},"30":{"start":{"line":67,"column":34},"end":{"line":67,"column":49}},"31":{"start":{"line":68,"column":22},"end":{"line":68,"column":35}},"32":{"start":{"line":69,"column":5},"end":{"line":69,"column":39}},"33":{"start":{"line":70,"column":27},"end":{"line":70,"column":41}},"34":{"start":{"line":72,"column":18},"end":{"line":77,"column":5}},"35":{"start":{"line":78,"column":4},"end":{"line":78,"column":39}},"36":{"start":{"line":80,"column":4},"end":{"line":89,"column":9}},"37":{"start":{"line":82,"column":8},"end":{"line":83,"column":61}},"38":{"start":{"line":83,"column":32},"end":{"line":83,"column":60}},"39":{"start":{"line":86,"column":8},"end":{"line":87,"column":60}},"40":{"start":{"line":87,"column":30},"end":{"line":87,"column":59}},"41":{"start":{"line":93,"column":4},"end":{"line":108,"column":25}},"42":{"start":{"line":94,"column":8},"end":{"line":106,"column":9}},"43":{"start":{"line":95,"column":12},"end":{"line":105,"column":26}},"44":{"start":{"line":104,"column":24},"end":{"line":104,"column":43}},"45":{"start":{"line":111,"column":4},"end":{"line":116,"column":16}},"46":{"start":{"line":112,"column":8},"end":{"line":115,"column":9}},"47":{"start":{"line":113,"column":12},"end":{"line":113,"column":64}},"48":{"start":{"line":114,"column":12},"end":{"line":114,"column":45}},"49":{"start":{"line":121,"column":24},"end":{"line":121,"column":66}},"50":{"start":{"line":122,"column":12},"end":{"line":122,"column":30}},"51":{"start":{"line":123,"column":12},"end":{"line":123,"column":33}},"52":{"start":{"line":124,"column":12},"end":{"line":124,"column":87}},"53":{"start":{"line":127,"column":12},"end":{"line":127,"column":25}},"54":{"start":{"line":128,"column":12},"end":{"line":128,"column":20}},"55":{"start":{"line":129,"column":12},"end":{"line":129,"column":57}},"56":{"start":{"line":130,"column":12},"end":{"line":130,"column":19}},"57":{"start":{"line":137,"column":8},"end":{"line":196,"column":9}},"58":{"start":{"line":163,"column":40},"end":{"line":163,"column":155}},"59":{"start":{"line":163,"column":127},"end":{"line":163,"column":139}},"60":{"start":{"line":183,"column":102},"end":{"line":183,"column":112}}},"fnMap":{"0":{"name":"useTransitionState","decl":{"start":{"line":15,"column":9},"end":{"line":15,"column":27}},"loc":{"start":{"line":15,"column":44},"end":{"line":37,"column":1}},"line":15},"1":{"name":"(anonymous_1)","decl":{"start":{"line":19,"column":14},"end":{"line":19,"column":15}},"loc":{"start":{"line":19,"column":18},"end":{"line":35,"column":5}},"line":19},"2":{"name":"(anonymous_2)","decl":{"start":{"line":24,"column":33},"end":{"line":24,"column":34}},"loc":{"start":{"line":24,"column":37},"end":{"line":24,"column":60}},"line":24},"3":{"name":"(anonymous_3)","decl":{"start":{"line":28,"column":33},"end":{"line":28,"column":34}},"loc":{"start":{"line":28,"column":37},"end":{"line":28,"column":59}},"line":28},"4":{"name":"(anonymous_4)","decl":{"start":{"line":31,"column":15},"end":{"line":31,"column":16}},"loc":{"start":{"line":31,"column":21},"end":{"line":33,"column":9}},"line":31},"5":{"name":"useTransitionControl","decl":{"start":{"line":40,"column":9},"end":{"line":40,"column":29}},"loc":{"start":{"line":40,"column":39},"end":{"line":55,"column":1}},"line":40},"6":{"name":"(anonymous_6)","decl":{"start":{"line":43,"column":18},"end":{"line":43,"column":19}},"loc":{"start":{"line":43,"column":24},"end":{"line":47,"column":5}},"line":43},"7":{"name":"(anonymous_7)","decl":{"start":{"line":48,"column":16},"end":{"line":48,"column":17}},"loc":{"start":{"line":48,"column":22},"end":{"line":52,"column":5}},"line":48},"8":{"name":"TrainInstance","decl":{"start":{"line":57,"column":10},"end":{"line":57,"column":23}},"loc":{"start":{"line":57,"column":32},"end":{"line":197,"column":1}},"line":57},"9":{"name":"(anonymous_9)","decl":{"start":{"line":80,"column":15},"end":{"line":80,"column":16}},"loc":{"start":{"line":80,"column":21},"end":{"line":89,"column":5}},"line":80},"10":{"name":"(anonymous_10)","decl":{"start":{"line":83,"column":18},"end":{"line":83,"column":19}},"loc":{"start":{"line":83,"column":32},"end":{"line":83,"column":60}},"line":83},"11":{"name":"(anonymous_11)","decl":{"start":{"line":87,"column":18},"end":{"line":87,"column":19}},"loc":{"start":{"line":87,"column":30},"end":{"line":87,"column":59}},"line":87},"12":{"name":"(anonymous_12)","decl":{"start":{"line":93,"column":15},"end":{"line":93,"column":16}},"loc":{"start":{"line":93,"column":21},"end":{"line":108,"column":5}},"line":93},"13":{"name":"(anonymous_13)","decl":{"start":{"line":103,"column":26},"end":{"line":103,"column":27}},"loc":{"start":{"line":103,"column":34},"end":{"line":105,"column":25}},"line":103},"14":{"name":"(anonymous_14)","decl":{"start":{"line":111,"column":14},"end":{"line":111,"column":15}},"loc":{"start":{"line":111,"column":18},"end":{"line":116,"column":5}},"line":111},"15":{"name":"validate","decl":{"start":{"line":119,"column":19},"end":{"line":119,"column":27}},"loc":{"start":{"line":119,"column":29},"end":{"line":132,"column":5}},"line":119},"16":{"name":"(anonymous_16)","decl":{"start":{"line":162,"column":73},"end":{"line":162,"column":74}},"loc":{"start":{"line":163,"column":40},"end":{"line":163,"column":155}},"line":163},"17":{"name":"(anonymous_17)","decl":{"start":{"line":163,"column":122},"end":{"line":163,"column":123}},"loc":{"start":{"line":163,"column":127},"end":{"line":163,"column":139}},"line":163},"18":{"name":"(anonymous_18)","decl":{"start":{"line":183,"column":96},"end":{"line":183,"column":97}},"loc":{"start":{"line":183,"column":102},"end":{"line":183,"column":112}},"line":183}},"branchMap":{"0":{"loc":{"start":{"line":15,"column":28},"end":{"line":15,"column":43}},"type":"default-arg","locations":[{"start":{"line":15,"column":39},"end":{"line":15,"column":43}}],"line":15},"1":{"loc":{"start":{"line":22,"column":8},"end":{"line":29,"column":9}},"type":"if","locations":[{"start":{"line":22,"column":8},"end":{"line":29,"column":9}},{"start":{"line":26,"column":13},"end":{"line":29,"column":9}}],"line":22},"2":{"loc":{"start":{"line":26,"column":13},"end":{"line":29,"column":9}},"type":"if","locations":[{"start":{"line":26,"column":13},"end":{"line":29,"column":9}},{"start":{},"end":{}}],"line":26},"3":{"loc":{"start":{"line":32,"column":12},"end":{"line":32,"column":44}},"type":"binary-expr","locations":[{"start":{"line":32,"column":12},"end":{"line":32,"column":19}},{"start":{"line":32,"column":23},"end":{"line":32,"column":44}}],"line":32},"4":{"loc":{"start":{"line":44,"column":8},"end":{"line":46,"column":9}},"type":"if","locations":[{"start":{"line":44,"column":8},"end":{"line":46,"column":9}},{"start":{},"end":{}}],"line":44},"5":{"loc":{"start":{"line":49,"column":8},"end":{"line":51,"column":9}},"type":"if","locations":[{"start":{"line":49,"column":8},"end":{"line":51,"column":9}},{"start":{},"end":{}}],"line":49},"6":{"loc":{"start":{"line":94,"column":8},"end":{"line":106,"column":9}},"type":"if","locations":[{"start":{"line":94,"column":8},"end":{"line":106,"column":9}},{"start":{},"end":{}}],"line":94},"7":{"loc":{"start":{"line":112,"column":8},"end":{"line":115,"column":9}},"type":"if","locations":[{"start":{"line":112,"column":8},"end":{"line":115,"column":9}},{"start":{},"end":{}}],"line":112},"8":{"loc":{"start":{"line":138,"column":50},"end":{"line":138,"column":93}},"type":"cond-expr","locations":[{"start":{"line":138,"column":72},"end":{"line":138,"column":90}},{"start":{"line":138,"column":91},"end":{"line":138,"column":93}}],"line":138},"9":{"loc":{"start":{"line":145,"column":17},"end":{"line":180,"column":26}},"type":"cond-expr","locations":[{"start":{"line":146,"column":20},"end":{"line":168,"column":26}},{"start":{"line":170,"column":20},"end":{"line":180,"column":26}}],"line":145},"10":{"loc":{"start":{"line":147,"column":21},"end":{"line":166,"column":34}},"type":"cond-expr","locations":[{"start":{"line":148,"column":28},"end":{"line":148,"column":60}},{"start":{"line":150,"column":28},"end":{"line":166,"column":34}}],"line":147},"11":{"loc":{"start":{"line":163,"column":59},"end":{"line":163,"column":99}},"type":"cond-expr","locations":[{"start":{"line":163,"column":74},"end":{"line":163,"column":88}},{"start":{"line":163,"column":91},"end":{"line":163,"column":99}}],"line":163},"12":{"loc":{"start":{"line":171,"column":25},"end":{"line":177,"column":34}},"type":"cond-expr","locations":[{"start":{"line":172,"column":27},"end":{"line":172,"column":61}},{"start":{"line":174,"column":27},"end":{"line":177,"column":34}}],"line":171},"13":{"loc":{"start":{"line":183,"column":56},"end":{"line":183,"column":83}},"type":"cond-expr","locations":[{"start":{"line":183,"column":71},"end":{"line":183,"column":75}},{"start":{"line":183,"column":78},"end":{"line":183,"column":83}}],"line":183},"14":{"loc":{"start":{"line":186,"column":16},"end":{"line":192,"column":21}},"type":"binary-expr","locations":[{"start":{"line":186,"column":16},"end":{"line":186,"column":31}},{"start":{"line":187,"column":15},"end":{"line":192,"column":21}}],"line":186},"15":{"loc":{"start":{"line":187,"column":65},"end":{"line":187,"column":102}},"type":"cond-expr","locations":[{"start":{"line":187,"column":87},"end":{"line":187,"column":93}},{"start":{"line":187,"column":96},"end":{"line":187,"column":102}}],"line":187},"16":{"loc":{"start":{"line":188,"column":24},"end":{"line":188,"column":74}},"type":"cond-expr","locations":[{"start":{"line":188,"column":33},"end":{"line":188,"column":42}},{"start":{"line":188,"column":44},"end":{"line":188,"column":74}}],"line":188},"17":{"loc":{"start":{"line":189,"column":86},"end":{"line":189,"column":121}},"type":"cond-expr","locations":[{"start":{"line":189,"column":96},"end":{"line":189,"column":108}},{"start":{"line":189,"column":111},"end":{"line":189,"column":121}}],"line":189}},"s":{"0":0,"1":0,"2":0,"3":0,"4":0,"5":0,"6":0,"7":0,"8":0,"9":0,"10":0,"11":0,"12":0,"13":0,"14":0,"15":0,"16":0,"17":0,"18":0,"19":0,"20":0,"21":0,"22":0,"23":0,"24":0,"25":0,"26":0,"27":0,"28":0,"29":0,"30":0,"31":0,"32":0,"33":0,"34":0,"35":0,"36":0,"37":0,"38":0,"39":0,"40":0,"41":0,"42":0,"43":0,"44":0,"45":0,"46":0,"47":0,"48":0,"49":0,"50":0,"51":0,"52":0,"53":0,"54":0,"55":0,"56":0,"57":0,"58":0,"59":0,"60":0},"f":{"0":0,"1":0,"2":0,"3":0,"4":0,"5":0,"6":0,"7":0,"8":0,"9":0,"10":0,"11":0,"12":0,"13":0,"14":0,"15":0,"16":0,"17":0,"18":0},"b":{"0":[0],"1":[0,0],"2":[0,0],"3":[0,0],"4":[0,0],"5":[0,0],"6":[0,0],"7":[0,0],"8":[0,0],"9":[0,0],"10":[0,0],"11":[0,0],"12":[0,0],"13":[0,0],"14":[0,0],"15":[0,0],"16":[0,0],"17":[0,0]}}
,"C:\\Users\\elian\\Desktop\\Bao\\Bao\\TSARALAZA\\apps\\Koze\\Koze\\Lenguapp\\lenguapp\\client\\src\\Container\\TrainPage.js": {"path":"C:\\Users\\elian\\Desktop\\Bao\\Bao\\TSARALAZA\\apps\\Koze\\Koze\\Lenguapp\\lenguapp\\client\\src\\Container\\TrainPage.js","statementMap":{"0":{"start":{"line":7,"column":37},"end":{"line":7,"column":49}},"1":{"start":{"line":8,"column":4},"end":{"line":8,"column":39}},"2":{"start":{"line":10,"column":4},"end":{"line":13,"column":6}},"3":{"start":{"line":11,"column":8},"end":{"line":12,"column":51}},"4":{"start":{"line":12,"column":28},"end":{"line":12,"column":50}},"5":{"start":{"line":15,"column":4},"end":{"line":66,"column":5}},"6":{"start":{"line":58,"column":28},"end":{"line":58,"column":140}}},"fnMap":{"0":{"name":"TrainPage","decl":{"start":{"line":6,"column":9},"end":{"line":6,"column":18}},"loc":{"start":{"line":6,"column":27},"end":{"line":67,"column":1}},"line":6},"1":{"name":"(anonymous_1)","decl":{"start":{"line":10,"column":15},"end":{"line":10,"column":16}},"loc":{"start":{"line":10,"column":21},"end":{"line":13,"column":5}},"line":10},"2":{"name":"(anonymous_2)","decl":{"start":{"line":12,"column":19},"end":{"line":12,"column":20}},"loc":{"start":{"line":12,"column":28},"end":{"line":12,"column":50}},"line":12},"3":{"name":"(anonymous_3)","decl":{"start":{"line":57,"column":38},"end":{"line":57,"column":39}},"loc":{"start":{"line":58,"column":28},"end":{"line":58,"column":140}},"line":58}},"branchMap":{"0":{"loc":{"start":{"line":56,"column":21},"end":{"line":61,"column":67}},"type":"cond-expr","locations":[{"start":{"line":57,"column":24},"end":{"line":59,"column":26}},{"start":{"line":61,"column":24},"end":{"line":61,"column":67}}],"line":56}},"s":{"0":0,"1":0,"2":0,"3":0,"4":0,"5":0,"6":0},"f":{"0":0,"1":0,"2":0,"3":0},"b":{"0":[0,0]}}
,"C:\\Users\\elian\\Desktop\\Bao\\Bao\\TSARALAZA\\apps\\Koze\\Koze\\Lenguapp\\lenguapp\\client\\src\\Container\\UserProfile.js": {"path":"C:\\Users\\elian\\Desktop\\Bao\\Bao\\TSARALAZA\\apps\\Koze\\Koze\\Lenguapp\\lenguapp\\client\\src\\Container\\UserProfile.js","statementMap":{"0":{"start":{"line":7,"column":35},"end":{"line":7,"column":47}},"1":{"start":{"line":9,"column":4},"end":{"line":9,"column":40}},"2":{"start":{"line":10,"column":4},"end":{"line":16,"column":9}},"3":{"start":{"line":12,"column":8},"end":{"line":14,"column":43}},"4":{"start":{"line":13,"column":12},"end":{"line":13,"column":37}},"5":{"start":{"line":14,"column":26},"end":{"line":14,"column":42}},"6":{"start":{"line":15,"column":8},"end":{"line":15,"column":32}},"7":{"start":{"line":18,"column":4},"end":{"line":18,"column":28}},"8":{"start":{"line":19,"column":4},"end":{"line":19,"column":25}},"9":{"start":{"line":20,"column":4},"end":{"line":78,"column":9}},"10":{"start":{"line":33,"column":28},"end":{"line":38,"column":33}},"11":{"start":{"line":54,"column":28},"end":{"line":54,"column":60}},"12":{"start":{"line":66,"column":28},"end":{"line":66,"column":60}}},"fnMap":{"0":{"name":"UserProfile","decl":{"start":{"line":6,"column":10},"end":{"line":6,"column":21}},"loc":{"start":{"line":6,"column":28},"end":{"line":80,"column":1}},"line":6},"1":{"name":"(anonymous_1)","decl":{"start":{"line":10,"column":15},"end":{"line":10,"column":16}},"loc":{"start":{"line":10,"column":21},"end":{"line":16,"column":5}},"line":10},"2":{"name":"(anonymous_2)","decl":{"start":{"line":12,"column":82},"end":{"line":12,"column":83}},"loc":{"start":{"line":12,"column":92},"end":{"line":14,"column":9}},"line":12},"3":{"name":"(anonymous_3)","decl":{"start":{"line":14,"column":17},"end":{"line":14,"column":18}},"loc":{"start":{"line":14,"column":26},"end":{"line":14,"column":42}},"line":14},"4":{"name":"(anonymous_4)","decl":{"start":{"line":32,"column":45},"end":{"line":32,"column":46}},"loc":{"start":{"line":33,"column":28},"end":{"line":38,"column":33}},"line":33},"5":{"name":"(anonymous_5)","decl":{"start":{"line":53,"column":46},"end":{"line":53,"column":47}},"loc":{"start":{"line":54,"column":28},"end":{"line":54,"column":60}},"line":54},"6":{"name":"(anonymous_6)","decl":{"start":{"line":65,"column":44},"end":{"line":65,"column":45}},"loc":{"start":{"line":66,"column":28},"end":{"line":66,"column":60}},"line":66}},"branchMap":{"0":{"loc":{"start":{"line":30,"column":21},"end":{"line":44,"column":29}},"type":"cond-expr","locations":[{"start":{"line":31,"column":24},"end":{"line":40,"column":30}},{"start":{"line":42,"column":24},"end":{"line":44,"column":29}}],"line":30},"1":{"loc":{"start":{"line":51,"column":21},"end":{"line":60,"column":29}},"type":"cond-expr","locations":[{"start":{"line":52,"column":24},"end":{"line":56,"column":29}},{"start":{"line":58,"column":24},"end":{"line":60,"column":29}}],"line":51},"2":{"loc":{"start":{"line":63,"column":21},"end":{"line":72,"column":29}},"type":"cond-expr","locations":[{"start":{"line":64,"column":24},"end":{"line":68,"column":29}},{"start":{"line":70,"column":24},"end":{"line":72,"column":29}}],"line":63}},"s":{"0":0,"1":0,"2":0,"3":0,"4":0,"5":0,"6":0,"7":0,"8":0,"9":0,"10":0,"11":0,"12":0},"f":{"0":0,"1":0,"2":0,"3":0,"4":0,"5":0,"6":0},"b":{"0":[0,0],"1":[0,0],"2":[0,0]}}
,"C:\\Users\\elian\\Desktop\\Bao\\Bao\\TSARALAZA\\apps\\Koze\\Koze\\Lenguapp\\lenguapp\\client\\src\\Services\\ContextProvider.js": {"path":"C:\\Users\\elian\\Desktop\\Bao\\Bao\\TSARALAZA\\apps\\Koze\\Koze\\Lenguapp\\lenguapp\\client\\src\\Services\\ContextProvider.js","statementMap":{"0":{"start":{"line":2,"column":26},"end":{"line":2,"column":47}},"1":{"start":{"line":3,"column":34},"end":{"line":3,"column":55}},"2":{"start":{"line":5,"column":17},"end":{"line":12,"column":1}},"3":{"start":{"line":15,"column":46},"end":{"line":15,"column":71}},"4":{"start":{"line":19,"column":8},"end":{"line":23,"column":9}}},"fnMap":{"0":{"name":"ContextProvider","decl":{"start":{"line":14,"column":24},"end":{"line":14,"column":39}},"loc":{"start":{"line":14,"column":51},"end":{"line":25,"column":1}},"line":14}},"branchMap":{},"s":{"0":0,"1":0,"2":0,"3":0,"4":0},"f":{"0":0},"b":{}}
,"C:\\Users\\elian\\Desktop\\Bao\\Bao\\TSARALAZA\\apps\\Koze\\Koze\\Lenguapp\\lenguapp\\client\\src\\Services\\ContextWrapper.js": {"path":"C:\\Users\\elian\\Desktop\\Bao\\Bao\\TSARALAZA\\apps\\Koze\\Koze\\Lenguapp\\lenguapp\\client\\src\\Services\\ContextWrapper.js","statementMap":{"0":{"start":{"line":6,"column":4},"end":{"line":12,"column":5}},"1":{"start":{"line":7,"column":8},"end":{"line":11,"column":9}},"2":{"start":{"line":9,"column":20},"end":{"line":9,"column":62}}},"fnMap":{"0":{"name":"withContext","decl":{"start":{"line":5,"column":16},"end":{"line":5,"column":27}},"loc":{"start":{"line":5,"column":39},"end":{"line":13,"column":1}},"line":5},"1":{"name":"contextComponent","decl":{"start":{"line":6,"column":20},"end":{"line":6,"column":36}},"loc":{"start":{"line":6,"column":44},"end":{"line":12,"column":5}},"line":6},"2":{"name":"(anonymous_2)","decl":{"start":{"line":9,"column":9},"end":{"line":9,"column":10}},"loc":{"start":{"line":9,"column":20},"end":{"line":9,"column":62}},"line":9}},"branchMap":{},"s":{"0":0,"1":0,"2":0},"f":{"0":0,"1":0,"2":0},"b":{}}
,"C:\\Users\\elian\\Desktop\\Bao\\Bao\\TSARALAZA\\apps\\Koze\\Koze\\Lenguapp\\lenguapp\\client\\src\\Services\\CourseContextProvider.js": {"path":"C:\\Users\\elian\\Desktop\\Bao\\Bao\\TSARALAZA\\apps\\Koze\\Koze\\Lenguapp\\lenguapp\\client\\src\\Services\\CourseContextProvider.js","statementMap":{"0":{"start":{"line":3,"column":22},"end":{"line":3,"column":41}},"1":{"start":{"line":5,"column":30},"end":{"line":5,"column":49}},"2":{"start":{"line":10,"column":30},"end":{"line":13,"column":3}},"3":{"start":{"line":14,"column":2},"end":{"line":20,"column":4}},"4":{"start":{"line":25,"column":4},"end":{"line":25,"column":37}},"5":{"start":{"line":29,"column":4},"end":{"line":29,"column":39}},"6":{"start":{"line":30,"column":4},"end":{"line":30,"column":45}},"7":{"start":{"line":35,"column":4},"end":{"line":35,"column":47}},"8":{"start":{"line":36,"column":4},"end":{"line":65,"column":5}},"9":{"start":{"line":38,"column":12},"end":{"line":38,"column":46}},"10":{"start":{"line":39,"column":12},"end":{"line":42,"column":13}},"11":{"start":{"line":45,"column":12},"end":{"line":45,"column":32}},"12":{"start":{"line":46,"column":12},"end":{"line":46,"column":40}},"13":{"start":{"line":47,"column":12},"end":{"line":57,"column":14}},"14":{"start":{"line":60,"column":12},"end":{"line":60,"column":39}},"15":{"start":{"line":63,"column":12},"end":{"line":63,"column":58}},"16":{"start":{"line":69,"column":22},"end":{"line":73,"column":3}}},"fnMap":{"0":{"name":"CourseProvider","decl":{"start":{"line":8,"column":16},"end":{"line":8,"column":30}},"loc":{"start":{"line":8,"column":45},"end":{"line":21,"column":1}},"line":8},"1":{"name":"useCourse","decl":{"start":{"line":24,"column":16},"end":{"line":24,"column":25}},"loc":{"start":{"line":24,"column":28},"end":{"line":26,"column":3}},"line":24},"2":{"name":"useCourseDispatch","decl":{"start":{"line":28,"column":16},"end":{"line":28,"column":33}},"loc":{"start":{"line":28,"column":36},"end":{"line":31,"column":1}},"line":28},"3":{"name":"courseReducer","decl":{"start":{"line":34,"column":9},"end":{"line":34,"column":22}},"loc":{"start":{"line":34,"column":37},"end":{"line":66,"column":1}},"line":34}},"branchMap":{"0":{"loc":{"start":{"line":36,"column":4},"end":{"line":65,"column":5}},"type":"switch","locations":[{"start":{"line":37,"column":8},"end":{"line":43,"column":9}},{"start":{"line":44,"column":8},"end":{"line":58,"column":9}},{"start":{"line":59,"column":8},"end":{"line":61,"column":9}},{"start":{"line":62,"column":8},"end":{"line":64,"column":9}}],"line":36}},"s":{"0":0,"1":0,"2":0,"3":0,"4":0,"5":0,"6":0,"7":0,"8":0,"9":0,"10":0,"11":0,"12":0,"13":0,"14":0,"15":0,"16":0},"f":{"0":0,"1":0,"2":0,"3":0},"b":{"0":[0,0,0,0]}}
,"C:\\Users\\elian\\Desktop\\Bao\\Bao\\TSARALAZA\\apps\\Koze\\Koze\\Lenguapp\\lenguapp\\client\\src\\Services\\ProtectedRoute.js": {"path":"C:\\Users\\elian\\Desktop\\Bao\\Bao\\TSARALAZA\\apps\\Koze\\Koze\\Lenguapp\\lenguapp\\client\\src\\Services\\ProtectedRoute.js","statementMap":{"0":{"start":{"line":5,"column":4},"end":{"line":5,"column":49}},"1":{"start":{"line":7,"column":6},"end":{"line":16,"column":7}},"2":{"start":{"line":11,"column":12},"end":{"line":13,"column":33}}},"fnMap":{"0":{"name":"ProtectedRoute","decl":{"start":{"line":4,"column":9},"end":{"line":4,"column":23}},"loc":{"start":{"line":4,"column":32},"end":{"line":17,"column":1}},"line":4},"1":{"name":"(anonymous_1)","decl":{"start":{"line":10,"column":18},"end":{"line":10,"column":19}},"loc":{"start":{"line":11,"column":12},"end":{"line":13,"column":33}},"line":11}},"branchMap":{"0":{"loc":{"start":{"line":11,"column":12},"end":{"line":13,"column":33}},"type":"cond-expr","locations":[{"start":{"line":12,"column":14},"end":{"line":12,"column":38}},{"start":{"line":13,"column":14},"end":{"line":13,"column":33}}],"line":11}},"s":{"0":0,"1":0,"2":0},"f":{"0":0,"1":0},"b":{"0":[0,0]}}
,"C:\\Users\\elian\\Desktop\\Bao\\Bao\\TSARALAZA\\apps\\Koze\\Koze\\Lenguapp\\lenguapp\\client\\src\\Services\\auth.js": {"path":"C:\\Users\\elian\\Desktop\\Bao\\Bao\\TSARALAZA\\apps\\Koze\\Koze\\Lenguapp\\lenguapp\\client\\src\\Services\\auth.js","statementMap":{"0":{"start":{"line":4,"column":5},"end":{"line":4,"column":87}},"1":{"start":{"line":9,"column":4},"end":{"line":9,"column":109}}},"fnMap":{"0":{"name":"login","decl":{"start":{"line":3,"column":9},"end":{"line":3,"column":14}},"loc":{"start":{"line":3,"column":30},"end":{"line":5,"column":1}},"line":3},"1":{"name":"sign_up","decl":{"start":{"line":8,"column":9},"end":{"line":8,"column":16}},"loc":{"start":{"line":8,"column":41},"end":{"line":11,"column":1}},"line":8}},"branchMap":{},"s":{"0":0,"1":0},"f":{"0":0,"1":0},"b":{}}
,"C:\\Users\\elian\\Desktop\\Bao\\Bao\\TSARALAZA\\apps\\Koze\\Koze\\Lenguapp\\lenguapp\\client\\src\\utils\\colors.js": {"path":"C:\\Users\\elian\\Desktop\\Bao\\Bao\\TSARALAZA\\apps\\Koze\\Koze\\Lenguapp\\lenguapp\\client\\src\\utils\\colors.js","statementMap":{"0":{"start":{"line":2,"column":15},"end":{"line":8,"column":1}},"1":{"start":{"line":9,"column":22},"end":{"line":25,"column":1}}},"fnMap":{},"branchMap":{},"s":{"0":0,"1":0},"f":{},"b":{}}
}
